#
# There is insufficient memory for the Java Runtime Environment to continue.
# Native memory allocation (mmap) failed to map 5242880 bytes. Error detail: G1 virtual space
# Possible reasons:
#   The system is out of physical RAM or swap space
#   This process is running with CompressedOops enabled, and the Java Heap may be blocking the growth of the native heap
# Possible solutions:
#   Reduce memory load on the system
#   Increase physical memory or swap space
#   Check if swap backing store is full
#   Decrease Java heap size (-Xmx/-Xms)
#   Decrease number of Java threads
#   Decrease Java thread stack sizes (-Xss)
#   Set larger code cache with -XX:ReservedCodeCacheSize=
#   JVM is running with Unscaled Compressed Oops mode in which the Java heap is
#     placed in the first 4GB address space. The Java Heap base address is the
#     maximum limit for the native heap growth. Please use -XX:HeapBaseMinAddress
#     to set the Java Heap base and to place the Java Heap above 4GB virtual address.
# This output file may be truncated or incomplete.
#
#  Out of Memory Error (os_windows.cpp:3703), pid=19660, tid=9356
#
# JRE version: OpenJDK Runtime Environment (23.0.1+11) (build 23.0.1+11-39)
# Java VM: OpenJDK 64-Bit Server VM (23.0.1+11-39, mixed mode, sharing, tiered, compressed oops, compressed class ptrs, g1 gc, windows-amd64)
# No core dump will be written. Minidumps are not enabled by default on client versions of Windows
#

---------------  S U M M A R Y ------------

Command Line: -javaagent:C:\Users\Aishwarya G\AppData\Local\JetBrains\IntelliJ IDEA Community Edition 2024.3.1.1\lib\idea_rt.jar=55753:C:\Users\Aishwarya G\AppData\Local\JetBrains\IntelliJ IDEA Community Edition 2024.3.1.1\bin -Dfile.encoding=UTF-8 -Dsun.stdout.encoding=UTF-8 -Dsun.stderr.encoding=UTF-8 com.example.eureka.EurekaApplication

Host: AMD Ryzen 3 3200U with Radeon Vega Mobile Gfx  , 4 cores, 3G,  Windows 11 , 64 bit Build 22621 (10.0.22621.4391)
Time: Tue Jan 14 23:50:52 2025 India Standard Time elapsed time: 1240.987039 seconds (0d 0h 20m 40s)

---------------  T H R E A D  ---------------

Current thread (0x000001f1b3a3bc00):  VMThread "VM Thread"          [id=9356, stack(0x0000001444e00000,0x0000001444f00000) (1024K)]

Stack: [0x0000001444e00000,0x0000001444f00000]
Native frames: (J=compiled Java code, j=interpreted, Vv=VM code, C=native code)
V  [jvm.dll+0x6e08b9]  (no source info available)
V  [jvm.dll+0x87dc83]  (no source info available)
V  [jvm.dll+0x88010e]  (no source info available)
V  [jvm.dll+0x8807e3]  (no source info available)
V  [jvm.dll+0x27aee6]  (no source info available)
V  [jvm.dll+0x6dd1c5]  (no source info available)
V  [jvm.dll+0x6d104a]  (no source info available)
V  [jvm.dll+0x35b3ea]  (no source info available)
V  [jvm.dll+0x3637f6]  (no source info available)
V  [jvm.dll+0x34fd5e]  (no source info available)
V  [jvm.dll+0x34fff8]  (no source info available)
V  [jvm.dll+0x3289cc]  (no source info available)
V  [jvm.dll+0x32b3b9]  (no source info available)
V  [jvm.dll+0x335f74]  (no source info available)
V  [jvm.dll+0x372d55]  (no source info available)
V  [jvm.dll+0x886720]  (no source info available)
V  [jvm.dll+0x887a47]  (no source info available)
V  [jvm.dll+0x887f78]  (no source info available)
V  [jvm.dll+0x888213]  (no source info available)
V  [jvm.dll+0x824f8b]  (no source info available)
V  [jvm.dll+0x6df065]  (no source info available)
C  [ucrtbase.dll+0x29333]  (no source info available)
C  [KERNEL32.DLL+0x1259d]  (no source info available)
C  [ntdll.dll+0x5af38]  (no source info available)

VM_Operation (0x00000014449ff5e0): G1PauseRemark, mode: safepoint, requested by thread 0x000001f198c91480


---------------  P R O C E S S  ---------------

Threads class SMR info:
_java_thread_list=0x000001f1fb852c60, length=37, elements={
0x000001f1b3a51e00, 0x000001f1b3a53d30, 0x000001f1b3a56210, 0x000001f1b3a56e70,
0x000001f1b3a5ab20, 0x000001f1b3a5b580, 0x000001f1b3a66330, 0x000001f1b3a6e5a0,
0x000001f1b3b9bfb0, 0x000001f1f93432c0, 0x000001f1f9343930, 0x000001f1fb99f690,
0x000001f1fb9a0a40, 0x000001f1fb9a1df0, 0x000001f1f9de7dd0, 0x000001f1fafde310,
0x000001f1fafd8dc0, 0x000001f1fafd9450, 0x000001f1fafde9a0, 0x000001f1fafdf6c0,
0x000001f1fafd9ae0, 0x000001f1fafdae90, 0x000001f1fafdf030, 0x000001f1fafddc80,
0x000001f1fafda800, 0x000001f1fafdb520, 0x000001f1fafdfd50, 0x000001f1fafdbbb0,
0x000001f1fafe03e0, 0x000001f1fafdc240, 0x000001f1fafdc8d0, 0x000001f1fafdcf60,
0x000001f1fafdd5f0, 0x000001f1f9de4fe0, 0x000001f1f9de5d00, 0x000001f1fafda170,
0x000001f1fc6aa9d0
}

Java Threads: ( => current thread )
  0x000001f1b3a51e00 JavaThread "Reference Handler"          daemon [_thread_blocked, id=18776, stack(0x0000001444f00000,0x0000001445000000) (1024K)]
  0x000001f1b3a53d30 JavaThread "Finalizer"                  daemon [_thread_blocked, id=18748, stack(0x0000001445000000,0x0000001445100000) (1024K)]
  0x000001f1b3a56210 JavaThread "Signal Dispatcher"          daemon [_thread_blocked, id=4472, stack(0x0000001445100000,0x0000001445200000) (1024K)]
  0x000001f1b3a56e70 JavaThread "Attach Listener"            daemon [_thread_blocked, id=12176, stack(0x0000001445200000,0x0000001445300000) (1024K)]
  0x000001f1b3a5ab20 JavaThread "Service Thread"             daemon [_thread_blocked, id=21728, stack(0x0000001445300000,0x0000001445400000) (1024K)]
  0x000001f1b3a5b580 JavaThread "Monitor Deflation Thread"   daemon [_thread_blocked, id=15852, stack(0x0000001445400000,0x0000001445500000) (1024K)]
  0x000001f1b3a66330 JavaThread "C2 CompilerThread0"         daemon [_thread_blocked, id=16972, stack(0x0000001445500000,0x0000001445600000) (1024K)]
  0x000001f1b3a6e5a0 JavaThread "C1 CompilerThread0"         daemon [_thread_blocked, id=9568, stack(0x0000001445600000,0x0000001445700000) (1024K)]
  0x000001f1b3b9bfb0 JavaThread "Common-Cleaner"             daemon [_thread_blocked, id=10208, stack(0x0000001445700000,0x0000001445800000) (1024K)]
  0x000001f1f93432c0 JavaThread "Monitor Ctrl-Break"         daemon [_thread_in_native, id=18540, stack(0x0000001445800000,0x0000001445900000) (1024K)]
  0x000001f1f9343930 JavaThread "Notification Thread"        daemon [_thread_blocked, id=13928, stack(0x0000001445900000,0x0000001445a00000) (1024K)]
  0x000001f1fb99f690 JavaThread "Catalina-utility-1"                [_thread_blocked, id=10188, stack(0x0000001445f00000,0x0000001446000000) (1024K)]
  0x000001f1fb9a0a40 JavaThread "Catalina-utility-2"                [_thread_blocked, id=5672, stack(0x0000001446000000,0x0000001446100000) (1024K)]
  0x000001f1fb9a1df0 JavaThread "container-0"                       [_thread_blocked, id=15808, stack(0x0000001446100000,0x0000001446200000) (1024K)]
  0x000001f1f9de7dd0 JavaThread "File Watcher"               daemon [_thread_blocked, id=20204, stack(0x0000001446300000,0x0000001446400000) (1024K)]
  0x000001f1fafde310 JavaThread "Live Reload Server"         daemon [_thread_in_native, id=7196, stack(0x0000001446500000,0x0000001446600000) (1024K)]
  0x000001f1fafd8dc0 JavaThread "spectator-gauge-polling-0"  daemon [_thread_blocked, id=5996, stack(0x0000001446400000,0x0000001446500000) (1024K)]
  0x000001f1fafd9450 JavaThread "Eureka-DeltaRetentionTimer" daemon [_thread_blocked, id=17444, stack(0x0000001446600000,0x0000001446700000) (1024K)]
  0x000001f1fafde9a0 JavaThread "Eureka-EvictionTimer"       daemon [_thread_blocked, id=19304, stack(0x0000001446700000,0x0000001446800000) (1024K)]
  0x000001f1fafdf6c0 JavaThread "Eureka-MeasureRateTimer"    daemon [_thread_blocked, id=18380, stack(0x0000001446800000,0x0000001446900000) (1024K)]
  0x000001f1fafd9ae0 JavaThread "ReplicaAwareInstanceRegistry - RenewalThresholdUpdater" daemon [_thread_blocked, id=7336, stack(0x0000001446900000,0x0000001446a00000) (1024K)]
  0x000001f1fafdae90 JavaThread "Eureka-MeasureRateTimer"    daemon [_thread_blocked, id=10640, stack(0x0000001446a00000,0x0000001446b00000) (1024K)]
  0x000001f1fafdf030 JavaThread "Eureka-PeerNodesUpdater"    daemon [_thread_blocked, id=20364, stack(0x0000001446b00000,0x0000001446c00000) (1024K)]
  0x000001f1fafddc80 JavaThread "Eureka-CacheFillTimer"      daemon [_thread_blocked, id=9556, stack(0x0000001446c00000,0x0000001446d00000) (1024K)]
  0x000001f1fafda800 JavaThread "http-nio-8761-exec-1"       daemon [_thread_blocked, id=20608, stack(0x0000001446e00000,0x0000001446f00000) (1024K)]
  0x000001f1fafdb520 JavaThread "http-nio-8761-exec-2"       daemon [_thread_blocked, id=5088, stack(0x0000001446f00000,0x0000001447000000) (1024K)]
  0x000001f1fafdfd50 JavaThread "http-nio-8761-exec-3"       daemon [_thread_blocked, id=15012, stack(0x0000001447000000,0x0000001447100000) (1024K)]
  0x000001f1fafdbbb0 JavaThread "http-nio-8761-exec-4"       daemon [_thread_blocked, id=15196, stack(0x0000001447100000,0x0000001447200000) (1024K)]
  0x000001f1fafe03e0 JavaThread "http-nio-8761-exec-5"       daemon [_thread_blocked, id=12748, stack(0x0000001447200000,0x0000001447300000) (1024K)]
  0x000001f1fafdc240 JavaThread "http-nio-8761-exec-6"       daemon [_thread_blocked, id=408, stack(0x0000001447300000,0x0000001447400000) (1024K)]
  0x000001f1fafdc8d0 JavaThread "http-nio-8761-exec-7"       daemon [_thread_blocked, id=21692, stack(0x0000001447400000,0x0000001447500000) (1024K)]
  0x000001f1fafdcf60 JavaThread "http-nio-8761-exec-8"       daemon [_thread_blocked, id=17932, stack(0x0000001447500000,0x0000001447600000) (1024K)]
  0x000001f1fafdd5f0 JavaThread "http-nio-8761-exec-9"       daemon [_thread_blocked, id=10492, stack(0x0000001447600000,0x0000001447700000) (1024K)]
  0x000001f1f9de4fe0 JavaThread "http-nio-8761-exec-10"      daemon [_thread_blocked, id=10308, stack(0x0000001447700000,0x0000001447800000) (1024K)]
  0x000001f1f9de5d00 JavaThread "http-nio-8761-Poller"       daemon [_thread_blocked, id=15864, stack(0x0000001446d00000,0x0000001446e00000) (1024K)]
  0x000001f1fafda170 JavaThread "http-nio-8761-Acceptor"     daemon [_thread_in_native, id=16940, stack(0x0000001447800000,0x0000001447900000) (1024K)]
  0x000001f1fc6aa9d0 JavaThread "DestroyJavaVM"                     [_thread_blocked, id=15960, stack(0x0000001444700000,0x0000001444800000) (1024K)]
Total: 37

Other Threads:
=>0x000001f1b3a3bc00 VMThread "VM Thread"                           [id=9356, stack(0x0000001444e00000,0x0000001444f00000) (1024K)]
  0x000001f1b3a2cb00 WatcherThread "VM Periodic Task Thread"        [id=22148, stack(0x0000001444d00000,0x0000001444e00000) (1024K)]
  0x000001f198c87a10 WorkerThread "GC Thread#0"                     [id=17356, stack(0x0000001444800000,0x0000001444900000) (1024K)]
  0x000001f1f9851c00 WorkerThread "GC Thread#1"                     [id=10524, stack(0x0000001445a00000,0x0000001445b00000) (1024K)]
  0x000001f1f96098a0 WorkerThread "GC Thread#2"                     [id=10256, stack(0x0000001445b00000,0x0000001445c00000) (1024K)]
  0x000001f1f96026b0 WorkerThread "GC Thread#3"                     [id=10172, stack(0x0000001445c00000,0x0000001445d00000) (1024K)]
  0x000001f198c91480 ConcurrentGCThread "G1 Main Marker"            [id=5748, stack(0x0000001444900000,0x0000001444a00000) (1024K)]
  0x000001f198c92140 WorkerThread "G1 Conc#0"                       [id=22308, stack(0x0000001444a00000,0x0000001444b00000) (1024K)]
  0x000001f198cec0f0 ConcurrentGCThread "G1 Refine#0"               [id=21972, stack(0x0000001444b00000,0x0000001444c00000) (1024K)]
  0x000001f198cecc70 ConcurrentGCThread "G1 Service"                [id=17292, stack(0x0000001444c00000,0x0000001444d00000) (1024K)]
Total: 10

Threads with active compile tasks:
Total: 0

VM state: at safepoint (normal execution)

VM Mutex/Monitor currently owned by a thread:  ([mutex/lock_event])
[0x00007ff862da3910] Threads_lock - owner thread: 0x000001f1b3a3bc00
[0x00007ff862da3a10] Heap_lock - owner thread: 0x000001f198c91480

Heap address: 0x00000000c8c00000, size: 884 MB, Compressed Oops mode: 32-bit

CDS archive(s) mapped at: [0x000001f1b4000000-0x000001f1b4d70000-0x000001f1b4d70000), size 14090240, SharedBaseAddress: 0x000001f1b4000000, ArchiveRelocationMode: 1.
Compressed class space mapped at: 0x000001f1b5000000-0x000001f1f5000000, reserved size: 1073741824
Narrow klass base: 0x000001f1b4000000, Narrow klass shift: 0, Narrow klass range: 0x41000000

GC Precious Log:
 CardTable entry size: 512
 Card Set container configuration: InlinePtr #cards 5 size 8 Array Of Cards #cards 10 size 36 Howl #buckets 4 coarsen threshold 1843 Howl Bitmap #cards 512 size 80 coarsen threshold 460 Card regions per heap region 1 cards per card region 2048
 CPUs: 4 total, 4 available
 Memory: 3530M
 Large Page Support: Disabled
 NUMA Support: Disabled
 Compressed Oops: Enabled (32-bit)
 Heap Region Size: 1M
 Heap Min Capacity: 8M
 Heap Initial Capacity: 56M
 Heap Max Capacity: 884M
 Pre-touch: Disabled
 Parallel Workers: 4
 Concurrent Workers: 1
 Concurrent Refinement Workers: 4
 Periodic GC: Disabled

Heap:
 garbage-first heap   total reserved 905216K, committed 70656K, used 44363K [0x00000000c8c00000, 0x0000000100000000)
  region size 1024K, 2 young (2048K), 1 survivors (1024K)
 Metaspace       used 59595K, committed 60736K, reserved 1114112K
  class space    used 8008K, committed 8448K, reserved 1048576K

Heap Regions: E=young(eden), S=young(survivor), O=old, HS=humongous(starts), HC=humongous(continues), CS=collection set, F=free, TAMS=top-at-mark-start, PB=parsable bottom
|   0|0x00000000c8c00000, 0x00000000c8d00000, 0x00000000c8d00000|100%|HS|  |TAMS 0x00000000c8d00000| PB 0x00000000c8c00000| Complete |  0
|   1|0x00000000c8d00000, 0x00000000c8e00000, 0x00000000c8e00000|100%| O|  |TAMS 0x00000000c8e00000| PB 0x00000000c8e00000| Untracked |  0
|   2|0x00000000c8e00000, 0x00000000c8f00000, 0x00000000c8f00000|100%| O|  |TAMS 0x00000000c8f00000| PB 0x00000000c8f00000| Untracked |  0
|   3|0x00000000c8f00000, 0x00000000c9000000, 0x00000000c9000000|100%| O|  |TAMS 0x00000000c9000000| PB 0x00000000c9000000| Untracked |  0
|   4|0x00000000c9000000, 0x00000000c9100000, 0x00000000c9100000|100%| O|  |TAMS 0x00000000c9100000| PB 0x00000000c9100000| Untracked |  0
|   5|0x00000000c9100000, 0x00000000c9200000, 0x00000000c9200000|100%| O|  |TAMS 0x00000000c9200000| PB 0x00000000c9200000| Untracked |  0
|   6|0x00000000c9200000, 0x00000000c9300000, 0x00000000c9300000|100%| O|Cm|TAMS 0x00000000c9300000| PB 0x00000000c9300000| Updating |  0
|   7|0x00000000c9300000, 0x00000000c9400000, 0x00000000c9400000|100%| O|  |TAMS 0x00000000c9400000| PB 0x00000000c9400000| Untracked |  0
|   8|0x00000000c9400000, 0x00000000c9500000, 0x00000000c9500000|100%| O|  |TAMS 0x00000000c9500000| PB 0x00000000c9500000| Untracked |  0
|   9|0x00000000c9500000, 0x00000000c9600000, 0x00000000c9600000|100%| O|  |TAMS 0x00000000c9600000| PB 0x00000000c9600000| Untracked |  0
|  10|0x00000000c9600000, 0x00000000c9700000, 0x00000000c9700000|100%| O|  |TAMS 0x00000000c9700000| PB 0x00000000c9700000| Untracked |  0
|  11|0x00000000c9700000, 0x00000000c9800000, 0x00000000c9800000|100%| O|Cm|TAMS 0x00000000c9800000| PB 0x00000000c9800000| Updating |  0
|  12|0x00000000c9800000, 0x00000000c9900000, 0x00000000c9900000|100%| O|  |TAMS 0x00000000c9900000| PB 0x00000000c9900000| Untracked |  0
|  13|0x00000000c9900000, 0x00000000c9a00000, 0x00000000c9a00000|100%| O|Cm|TAMS 0x00000000c9a00000| PB 0x00000000c9a00000| Updating |  0
|  14|0x00000000c9a00000, 0x00000000c9b00000, 0x00000000c9b00000|100%| O|Cm|TAMS 0x00000000c9b00000| PB 0x00000000c9b00000| Updating |  0
|  15|0x00000000c9b00000, 0x00000000c9c00000, 0x00000000c9c00000|100%| O|Cm|TAMS 0x00000000c9c00000| PB 0x00000000c9c00000| Updating |  0
|  16|0x00000000c9c00000, 0x00000000c9d00000, 0x00000000c9d00000|100%| O|  |TAMS 0x00000000c9d00000| PB 0x00000000c9d00000| Untracked |  0
|  17|0x00000000c9d00000, 0x00000000c9e00000, 0x00000000c9e00000|100%| O|Cm|TAMS 0x00000000c9e00000| PB 0x00000000c9e00000| Updating |  0
|  18|0x00000000c9e00000, 0x00000000c9f00000, 0x00000000c9f00000|100%| O|Cm|TAMS 0x00000000c9f00000| PB 0x00000000c9f00000| Updating |  0
|  19|0x00000000c9f00000, 0x00000000ca000000, 0x00000000ca000000|100%| O|Cm|TAMS 0x00000000ca000000| PB 0x00000000ca000000| Updating |  0
|  20|0x00000000ca000000, 0x00000000ca100000, 0x00000000ca100000|100%| O|  |TAMS 0x00000000ca100000| PB 0x00000000ca100000| Untracked |  0
|  21|0x00000000ca100000, 0x00000000ca200000, 0x00000000ca200000|100%| O|  |TAMS 0x00000000ca100000| PB 0x00000000ca100000| Untracked |  0
|  22|0x00000000ca200000, 0x00000000ca300000, 0x00000000ca300000|100%| O|  |TAMS 0x00000000ca300000| PB 0x00000000ca300000| Untracked |  0
|  23|0x00000000ca300000, 0x00000000ca400000, 0x00000000ca400000|100%| O|  |TAMS 0x00000000ca400000| PB 0x00000000ca400000| Untracked |  0
|  24|0x00000000ca400000, 0x00000000ca500000, 0x00000000ca500000|100%| O|  |TAMS 0x00000000ca500000| PB 0x00000000ca500000| Untracked |  0
|  25|0x00000000ca500000, 0x00000000ca600000, 0x00000000ca600000|100%| O|Cm|TAMS 0x00000000ca600000| PB 0x00000000ca600000| Updating |  0
|  26|0x00000000ca600000, 0x00000000ca700000, 0x00000000ca700000|100%| O|  |TAMS 0x00000000ca700000| PB 0x00000000ca700000| Untracked |  0
|  27|0x00000000ca700000, 0x00000000ca800000, 0x00000000ca800000|100%| O|  |TAMS 0x00000000ca800000| PB 0x00000000ca800000| Untracked |  0
|  28|0x00000000ca800000, 0x00000000ca900000, 0x00000000ca900000|100%| O|Cm|TAMS 0x00000000ca900000| PB 0x00000000ca900000| Updating |  0
|  29|0x00000000ca900000, 0x00000000caa00000, 0x00000000caa00000|100%| O|  |TAMS 0x00000000caa00000| PB 0x00000000caa00000| Untracked |  0
|  30|0x00000000caa00000, 0x00000000cab00000, 0x00000000cab00000|100%| O|  |TAMS 0x00000000cab00000| PB 0x00000000cab00000| Untracked |  0
|  31|0x00000000cab00000, 0x00000000cac00000, 0x00000000cac00000|100%| O|  |TAMS 0x00000000cac00000| PB 0x00000000cac00000| Untracked |  0
|  32|0x00000000cac00000, 0x00000000cad00000, 0x00000000cad00000|100%| O|  |TAMS 0x00000000cad00000| PB 0x00000000cad00000| Untracked |  0
|  33|0x00000000cad00000, 0x00000000cae00000, 0x00000000cae00000|100%| O|Cm|TAMS 0x00000000cae00000| PB 0x00000000cae00000| Updating |  0
|  34|0x00000000cae00000, 0x00000000caf00000, 0x00000000caf00000|100%| O|  |TAMS 0x00000000caf00000| PB 0x00000000caf00000| Untracked |  0
|  35|0x00000000caf00000, 0x00000000cb000000, 0x00000000cb000000|100%| O|Cm|TAMS 0x00000000cb000000| PB 0x00000000cb000000| Updating |  0
|  36|0x00000000cb000000, 0x00000000cb100000, 0x00000000cb100000|100%| O|Cm|TAMS 0x00000000cb100000| PB 0x00000000cb100000| Updating |  0
|  37|0x00000000cb100000, 0x00000000cb200000, 0x00000000cb200000|100%| O|  |TAMS 0x00000000cb200000| PB 0x00000000cb200000| Untracked |  0
|  38|0x00000000cb200000, 0x00000000cb300000, 0x00000000cb300000|100%| O|  |TAMS 0x00000000cb2a1348| PB 0x00000000cb2a1348| Untracked |  0
|  39|0x00000000cb300000, 0x00000000cb400000, 0x00000000cb400000|100%| O|  |TAMS 0x00000000cb300000| PB 0x00000000cb300000| Untracked |  0
|  40|0x00000000cb400000, 0x00000000cb400000, 0x00000000cb500000|  0%| F|  |TAMS 0x00000000cb400000| PB 0x00000000cb400000| Untracked |  0
|  41|0x00000000cb500000, 0x00000000cb500000, 0x00000000cb600000|  0%| F|  |TAMS 0x00000000cb500000| PB 0x00000000cb500000| Untracked |  0
|  42|0x00000000cb600000, 0x00000000cb600000, 0x00000000cb700000|  0%| F|  |TAMS 0x00000000cb600000| PB 0x00000000cb600000| Untracked |  0
|  43|0x00000000cb700000, 0x00000000cb789058, 0x00000000cb800000| 53%| O|  |TAMS 0x00000000cb700000| PB 0x00000000cb700000| Untracked |  0
|  44|0x00000000cb800000, 0x00000000cb800000, 0x00000000cb900000|  0%| F|  |TAMS 0x00000000cb800000| PB 0x00000000cb800000| Untracked |  0
|  45|0x00000000cb900000, 0x00000000cb900000, 0x00000000cba00000|  0%| F|  |TAMS 0x00000000cb900000| PB 0x00000000cb900000| Untracked |  0
|  46|0x00000000cba00000, 0x00000000cba00000, 0x00000000cbb00000|  0%| F|  |TAMS 0x00000000cba00000| PB 0x00000000cba00000| Untracked |  0
|  47|0x00000000cbb00000, 0x00000000cbbc9e40, 0x00000000cbc00000| 78%| S|CS|TAMS 0x00000000cbb00000| PB 0x00000000cbb00000| Complete |  0
|  48|0x00000000cbc00000, 0x00000000cbc00000, 0x00000000cbd00000|  0%| F|  |TAMS 0x00000000cbc00000| PB 0x00000000cbc00000| Untracked |  0
|  49|0x00000000cbd00000, 0x00000000cbd00000, 0x00000000cbe00000|  0%| F|  |TAMS 0x00000000cbd00000| PB 0x00000000cbd00000| Untracked |  0
|  50|0x00000000cbe00000, 0x00000000cbe00000, 0x00000000cbf00000|  0%| F|  |TAMS 0x00000000cbe00000| PB 0x00000000cbe00000| Untracked |  0
|  51|0x00000000cbf00000, 0x00000000cbf00000, 0x00000000cc000000|  0%| F|  |TAMS 0x00000000cbf00000| PB 0x00000000cbf00000| Untracked |  0
|  52|0x00000000cc000000, 0x00000000cc000000, 0x00000000cc100000|  0%| F|  |TAMS 0x00000000cc000000| PB 0x00000000cc000000| Untracked |  0
|  53|0x00000000cc100000, 0x00000000cc100000, 0x00000000cc200000|  0%| F|  |TAMS 0x00000000cc100000| PB 0x00000000cc100000| Untracked |  0
|  54|0x00000000cc200000, 0x00000000cc200000, 0x00000000cc300000|  0%| F|  |TAMS 0x00000000cc200000| PB 0x00000000cc200000| Untracked |  0
|  55|0x00000000cc300000, 0x00000000cc300000, 0x00000000cc400000|  0%| F|  |TAMS 0x00000000cc300000| PB 0x00000000cc300000| Untracked |  0
|  56|0x00000000cc400000, 0x00000000cc400000, 0x00000000cc500000|  0%| F|  |TAMS 0x00000000cc400000| PB 0x00000000cc400000| Untracked |  0
|  57|0x00000000cc500000, 0x00000000cc500000, 0x00000000cc600000|  0%| F|  |TAMS 0x00000000cc500000| PB 0x00000000cc500000| Untracked |  0
|  58|0x00000000cc600000, 0x00000000cc600000, 0x00000000cc700000|  0%| F|  |TAMS 0x00000000cc600000| PB 0x00000000cc600000| Untracked |  0
|  59|0x00000000cc700000, 0x00000000cc700000, 0x00000000cc800000|  0%| F|  |TAMS 0x00000000cc700000| PB 0x00000000cc700000| Untracked |  0
|  60|0x00000000cc800000, 0x00000000cc800000, 0x00000000cc900000|  0%| F|  |TAMS 0x00000000cc800000| PB 0x00000000cc800000| Untracked |  0
|  61|0x00000000cc900000, 0x00000000cc900000, 0x00000000cca00000|  0%| F|  |TAMS 0x00000000cc900000| PB 0x00000000cc900000| Untracked |  0
|  62|0x00000000cca00000, 0x00000000cca00000, 0x00000000ccb00000|  0%| F|  |TAMS 0x00000000cca00000| PB 0x00000000cca00000| Untracked |  0
|  63|0x00000000ccb00000, 0x00000000ccb00000, 0x00000000ccc00000|  0%| F|  |TAMS 0x00000000ccb00000| PB 0x00000000ccb00000| Untracked |  0
|  64|0x00000000ccc00000, 0x00000000ccc00000, 0x00000000ccd00000|  0%| F|  |TAMS 0x00000000ccc00000| PB 0x00000000ccc00000| Untracked |  0
| 880|0x00000000ffc00000, 0x00000000ffd00000, 0x00000000ffd00000|100%| O|  |TAMS 0x00000000ffd00000| PB 0x00000000ffd00000| Untracked |  0
| 881|0x00000000ffd00000, 0x00000000ffd00000, 0x00000000ffe00000|  0%| F|  |TAMS 0x00000000ffd00000| PB 0x00000000ffd00000| Untracked |  0
| 882|0x00000000ffe00000, 0x00000000ffe28dd8, 0x00000000fff00000| 15%| E|  |TAMS 0x00000000ffe00000| PB 0x00000000ffe00000| Complete |  0
| 883|0x00000000fff00000, 0x0000000100000000, 0x0000000100000000|100%| O|  |TAMS 0x0000000100000000| PB 0x0000000100000000| Untracked |  0

Card table byte_map: [0x000001f1b0530000,0x000001f1b06f0000] _byte_map_base: 0x000001f1afeea000

Marking Bits: (CMBitMap*) 0x000001f198c88120
 Bits: [0x000001f1b06f0000, 0x000001f1b14c0000)

Polling page: 0x000001f198400000

Metaspace:

Usage:
  Non-class:     50.38 MB used.
      Class:      7.82 MB used.
       Both:     58.20 MB used.

Virtual space:
  Non-class space:       64.00 MB reserved,      51.06 MB ( 80%) committed,  1 nodes.
      Class space:        1.00 GB reserved,       8.25 MB ( <1%) committed,  1 nodes.
             Both:        1.06 GB reserved,      59.31 MB (  5%) committed. 

Chunk freelists:
   Non-Class:  12.53 MB
       Class:  7.91 MB
        Both:  20.44 MB

MaxMetaspaceSize: unlimited
CompressedClassSpaceSize: 1.00 GB
Initial GC threshold: 21.00 MB
Current GC threshold: 83.44 MB
CDS: on
 - commit_granule_bytes: 65536.
 - commit_granule_words: 8192.
 - virtual_space_node_default_size: 8388608.
 - enlarge_chunks_in_place: 1.
 - use_allocation_guard: 0.


Internal statistics:

num_allocs_failed_limit: 3.
num_arena_births: 1118.
num_arena_deaths: 376.
num_vsnodes_births: 2.
num_vsnodes_deaths: 0.
num_space_committed: 948.
num_space_uncommitted: 0.
num_chunks_returned_to_freelist: 429.
num_chunks_taken_from_freelist: 3285.
num_chunk_merges: 105.
num_chunk_splits: 2205.
num_chunks_enlarged: 1598.
num_inconsistent_stats: 0.

CodeHeap 'non-profiled nmethods': size=120064Kb used=3038Kb max_used=3184Kb free=117025Kb
 bounds [0x000001f1a8e30000, 0x000001f1a9150000, 0x000001f1b0370000]
CodeHeap 'profiled nmethods': size=120000Kb used=11032Kb max_used=11199Kb free=108967Kb
 bounds [0x000001f1a1370000, 0x000001f1a1e60000, 0x000001f1a88a0000]
CodeHeap 'non-nmethods': size=5696Kb used=1639Kb max_used=1667Kb free=4056Kb
 bounds [0x000001f1a88a0000, 0x000001f1a8b10000, 0x000001f1a8e30000]
CodeCache: size=245760Kb, used=15709Kb, max_used=16050Kb, free=230048Kb
 total_blobs=8397, nmethods=7693, adapters=609, full_count=0
Compilation: enabled, stopped_count=0, restarted_count=0

Compilation events (20 events):
Event: 1228.279 Thread 0x000001f1b3a6e5a0 nmethod 8972 0x000001f1a1e5dd88 code [0x000001f1a1e5dee0, 0x000001f1a1e5e2e0]
Event: 1228.279 Thread 0x000001f1b3a66330 nmethod 8971 0x000001f1a914ae08 code [0x000001f1a914af40, 0x000001f1a914b1d0]
Event: 1228.280 Thread 0x000001f1b3a6e5a0 8976       3       org.apache.coyote.http11.Http11OutputBuffer::isBlocking (16 bytes)
Event: 1228.280 Thread 0x000001f1b3a66330 8973       4       java.lang.InheritableThreadLocal::getMap (5 bytes)
Event: 1228.284 Thread 0x000001f1b3a66330 nmethod 8973 0x000001f1a914b288 code [0x000001f1a914b380, 0x000001f1a914b410]
Event: 1228.293 Thread 0x000001f1b3a6e5a0 nmethod 8976 0x000001f1a1e5e388 code [0x000001f1a1e5e4a0, 0x000001f1a1e5e620]
Event: 1228.293 Thread 0x000001f1b3a6e5a0 8975       3       java.lang.Math::multiplyExact (27 bytes)
Event: 1228.297 Thread 0x000001f1b3a6e5a0 nmethod 8975 0x000001f1a1e5e688 code [0x000001f1a1e5e7c0, 0x000001f1a1e5e9b8]
Event: 1238.312 Thread 0x000001f1b3a6e5a0 8977       3       java.util.Collections$UnmodifiableMap$UnmodifiableEntrySet$1::next (5 bytes)
Event: 1238.313 Thread 0x000001f1b3a66330 8979       4       java.util.TreeMap$KeyIterator::next (8 bytes)
Event: 1238.317 Thread 0x000001f1b3a6e5a0 nmethod 8977 0x000001f1a1e5ea08 code [0x000001f1a1e5eb80, 0x000001f1a1e5f280]
Event: 1238.317 Thread 0x000001f1b3a6e5a0 8978       3       java.util.Collections$UnmodifiableMap$UnmodifiableEntrySet$1::next (20 bytes)
Event: 1238.319 Thread 0x000001f1b3a6e5a0 nmethod 8978 0x000001f1a1e5f308 code [0x000001f1a1e5f480, 0x000001f1a1e5fb08]
Event: 1238.329 Thread 0x000001f1b3a66330 nmethod 8979 0x000001f1a914b588 code [0x000001f1a914b6a0, 0x000001f1a914b9d8]
Event: 1238.363 Thread 0x000001f1b3a6e5a0 8980       3       java.util.stream.MatchOps$1MatchSink::accept (44 bytes)
Event: 1238.365 Thread 0x000001f1b3a66330 8981       4       java.lang.StringLatin1::trim (76 bytes)
Event: 1238.366 Thread 0x000001f1b3a66330 nmethod 8981 0x000001f1a914ba08 code [0x000001f1a914bb00, 0x000001f1a914bbf8]
Event: 1238.369 Thread 0x000001f1b3a6e5a0 nmethod 8980 0x000001f1a1e5fb88 code [0x000001f1a1e5fcc0, 0x000001f1a1e5ff18]
Event: 1238.371 Thread 0x000001f1b3a6e5a0 8982       1       java.lang.management.MemoryUsage::getUsed (5 bytes)
Event: 1238.372 Thread 0x000001f1b3a6e5a0 nmethod 8982 0x000001f1a914bd08 code [0x000001f1a914be20, 0x000001f1a914bee8]

GC Heap History (20 events):
Event: 13.846 GC heap before
{Heap before GC invocations=14 (full 0):
 garbage-first heap   total reserved 905216K, committed 61440K, used 51838K [0x00000000c8c00000, 0x0000000100000000)
  region size 1024K, 23 young (23552K), 2 survivors (2048K)
 Metaspace       used 33968K, committed 34496K, reserved 1114112K
  class space    used 4332K, committed 4544K, reserved 1048576K
}
Event: 13.852 GC heap after
{Heap after GC invocations=15 (full 0):
 garbage-first heap   total reserved 905216K, committed 61440K, used 29666K [0x00000000c8c00000, 0x0000000100000000)
  region size 1024K, 2 young (2048K), 2 survivors (2048K)
 Metaspace       used 33968K, committed 34496K, reserved 1114112K
  class space    used 4332K, committed 4544K, reserved 1048576K
}
Event: 15.318 GC heap before
{Heap before GC invocations=15 (full 0):
 garbage-first heap   total reserved 905216K, committed 61440K, used 53218K [0x00000000c8c00000, 0x0000000100000000)
  region size 1024K, 25 young (25600K), 2 survivors (2048K)
 Metaspace       used 39070K, committed 39680K, reserved 1114112K
  class space    used 5115K, committed 5376K, reserved 1048576K
}
Event: 15.327 GC heap after
{Heap after GC invocations=16 (full 0):
 garbage-first heap   total reserved 905216K, committed 61440K, used 31311K [0x00000000c8c00000, 0x0000000100000000)
  region size 1024K, 4 young (4096K), 4 survivors (4096K)
 Metaspace       used 39070K, committed 39680K, reserved 1114112K
  class space    used 5115K, committed 5376K, reserved 1048576K
}
Event: 16.189 GC heap before
{Heap before GC invocations=16 (full 0):
 garbage-first heap   total reserved 905216K, committed 61440K, used 52815K [0x00000000c8c00000, 0x0000000100000000)
  region size 1024K, 26 young (26624K), 4 survivors (4096K)
 Metaspace       used 40380K, committed 40960K, reserved 1114112K
  class space    used 5270K, committed 5504K, reserved 1048576K
}
Event: 16.198 GC heap after
{Heap after GC invocations=17 (full 0):
 garbage-first heap   total reserved 905216K, committed 61440K, used 34176K [0x00000000c8c00000, 0x0000000100000000)
  region size 1024K, 4 young (4096K), 4 survivors (4096K)
 Metaspace       used 40380K, committed 40960K, reserved 1114112K
  class space    used 5270K, committed 5504K, reserved 1048576K
}
Event: 16.742 GC heap before
{Heap before GC invocations=17 (full 0):
 garbage-first heap   total reserved 905216K, committed 61440K, used 53632K [0x00000000c8c00000, 0x0000000100000000)
  region size 1024K, 23 young (23552K), 4 survivors (4096K)
 Metaspace       used 42348K, committed 42944K, reserved 1114112K
  class space    used 5575K, committed 5824K, reserved 1048576K
}
Event: 16.753 GC heap after
{Heap after GC invocations=18 (full 0):
 garbage-first heap   total reserved 905216K, committed 61440K, used 37113K [0x00000000c8c00000, 0x0000000100000000)
  region size 1024K, 3 young (3072K), 3 survivors (3072K)
 Metaspace       used 42348K, committed 42944K, reserved 1114112K
  class space    used 5575K, committed 5824K, reserved 1048576K
}
Event: 17.451 GC heap before
{Heap before GC invocations=19 (full 0):
 garbage-first heap   total reserved 905216K, committed 63488K, used 53497K [0x00000000c8c00000, 0x0000000100000000)
  region size 1024K, 19 young (19456K), 3 survivors (3072K)
 Metaspace       used 45125K, committed 45760K, reserved 1114112K
  class space    used 6074K, committed 6336K, reserved 1048576K
}
Event: 17.457 GC heap after
{Heap after GC invocations=20 (full 0):
 garbage-first heap   total reserved 905216K, committed 63488K, used 39240K [0x00000000c8c00000, 0x0000000100000000)
  region size 1024K, 2 young (2048K), 2 survivors (2048K)
 Metaspace       used 45125K, committed 45760K, reserved 1114112K
  class space    used 6074K, committed 6336K, reserved 1048576K
}
Event: 18.053 GC heap before
{Heap before GC invocations=20 (full 0):
 garbage-first heap   total reserved 905216K, committed 63488K, used 56648K [0x00000000c8c00000, 0x0000000100000000)
  region size 1024K, 19 young (19456K), 2 survivors (2048K)
 Metaspace       used 47430K, committed 48128K, reserved 1114112K
  class space    used 6438K, committed 6720K, reserved 1048576K
}
Event: 18.061 GC heap after
{Heap after GC invocations=21 (full 0):
 garbage-first heap   total reserved 905216K, committed 63488K, used 40103K [0x00000000c8c00000, 0x0000000100000000)
  region size 1024K, 2 young (2048K), 2 survivors (2048K)
 Metaspace       used 47430K, committed 48128K, reserved 1114112K
  class space    used 6438K, committed 6720K, reserved 1048576K
}
Event: 18.695 GC heap before
{Heap before GC invocations=21 (full 0):
 garbage-first heap   total reserved 905216K, committed 63488K, used 56487K [0x00000000c8c00000, 0x0000000100000000)
  region size 1024K, 18 young (18432K), 2 survivors (2048K)
 Metaspace       used 50409K, committed 51136K, reserved 1114112K
  class space    used 6843K, committed 7168K, reserved 1048576K
}
Event: 18.701 GC heap after
{Heap after GC invocations=22 (full 0):
 garbage-first heap   total reserved 905216K, committed 63488K, used 41492K [0x00000000c8c00000, 0x0000000100000000)
  region size 1024K, 3 young (3072K), 3 survivors (3072K)
 Metaspace       used 50409K, committed 51136K, reserved 1114112K
  class space    used 6843K, committed 7168K, reserved 1048576K
}
Event: 84.428 GC heap before
{Heap before GC invocations=23 (full 0):
 garbage-first heap   total reserved 905216K, committed 70656K, used 54804K [0x00000000c8c00000, 0x0000000100000000)
  region size 1024K, 17 young (17408K), 3 survivors (3072K)
 Metaspace       used 53721K, committed 54464K, reserved 1114112K
  class space    used 7275K, committed 7616K, reserved 1048576K
}
Event: 84.448 GC heap after
{Heap after GC invocations=24 (full 0):
 garbage-first heap   total reserved 905216K, committed 70656K, used 42600K [0x00000000c8c00000, 0x0000000100000000)
  region size 1024K, 3 young (3072K), 3 survivors (3072K)
 Metaspace       used 53721K, committed 54464K, reserved 1114112K
  class space    used 7275K, committed 7616K, reserved 1048576K
}
Event: 134.423 GC heap before
{Heap before GC invocations=24 (full 0):
 garbage-first heap   total reserved 905216K, committed 70656K, used 62056K [0x00000000c8c00000, 0x0000000100000000)
  region size 1024K, 23 young (23552K), 3 survivors (3072K)
 Metaspace       used 58815K, committed 59584K, reserved 1114112K
  class space    used 8034K, committed 8384K, reserved 1048576K
}
Event: 134.527 GC heap after
{Heap after GC invocations=25 (full 0):
 garbage-first heap   total reserved 905216K, committed 70656K, used 43641K [0x00000000c8c00000, 0x0000000100000000)
  region size 1024K, 3 young (3072K), 3 survivors (3072K)
 Metaspace       used 58815K, committed 59584K, reserved 1114112K
  class space    used 8034K, committed 8384K, reserved 1048576K
}
Event: 1237.416 GC heap before
{Heap before GC invocations=25 (full 0):
 garbage-first heap   total reserved 905216K, committed 70656K, used 62073K [0x00000000c8c00000, 0x0000000100000000)
  region size 1024K, 22 young (22528K), 3 survivors (3072K)
 Metaspace       used 59928K, committed 60736K, reserved 1114112K
  class space    used 8104K, committed 8448K, reserved 1048576K
}
Event: 1238.156 GC heap after
{Heap after GC invocations=26 (full 0):
 garbage-first heap   total reserved 905216K, committed 70656K, used 44363K [0x00000000c8c00000, 0x0000000100000000)
  region size 1024K, 1 young (1024K), 1 survivors (1024K)
 Metaspace       used 59928K, committed 60736K, reserved 1114112K
  class space    used 8104K, committed 8448K, reserved 1048576K
}

Dll operation events (14 events):
Event: 0.028 Loaded shared library C:\Users\Aishwarya G\.jdks\openjdk-23.0.1\bin\java.dll
Event: 0.082 Loaded shared library C:\Users\Aishwarya G\.jdks\openjdk-23.0.1\bin\jsvml.dll
Event: 0.400 Loaded shared library C:\Users\Aishwarya G\.jdks\openjdk-23.0.1\bin\zip.dll
Event: 0.406 Loaded shared library C:\Users\Aishwarya G\.jdks\openjdk-23.0.1\bin\instrument.dll
Event: 0.415 Loaded shared library C:\Users\Aishwarya G\.jdks\openjdk-23.0.1\bin\net.dll
Event: 0.417 Loaded shared library C:\Users\Aishwarya G\.jdks\openjdk-23.0.1\bin\nio.dll
Event: 0.422 Loaded shared library C:\Users\Aishwarya G\.jdks\openjdk-23.0.1\bin\zip.dll
Event: 0.779 Loaded shared library C:\Users\Aishwarya G\AppData\Local\JetBrains\IntelliJ IDEA Community Edition 2024.3.1.1\bin\breakgen64.dll
Event: 0.805 Loaded shared library C:\Users\Aishwarya G\.jdks\openjdk-23.0.1\bin\extnet.dll
Event: 0.852 Loaded shared library C:\Users\Aishwarya G\.jdks\openjdk-23.0.1\bin\jimage.dll
Event: 2.449 Loaded shared library C:\Users\Aishwarya G\.jdks\openjdk-23.0.1\bin\management.dll
Event: 2.453 Loaded shared library C:\Users\Aishwarya G\.jdks\openjdk-23.0.1\bin\management_ext.dll
Event: 4.950 Loaded shared library C:\Users\Aishwarya G\.jdks\openjdk-23.0.1\bin\sunmscapi.dll
Event: 12.744 Loaded shared library C:\Users\Aishwarya G\.jdks\openjdk-23.0.1\bin\verify.dll

Deoptimization events (20 events):
Event: 793.122 Thread 0x000001f1fb99f690 Uncommon trap: trap_request=0xffffffd6 fr.pc=0x000001f1a910db44 relative=0x00000000000008c4
Event: 793.122 Thread 0x000001f1fb99f690 Uncommon trap: reason=array_check action=maybe_recompile pc=0x000001f1a910db44 method=java.util.concurrent.ScheduledThreadPoolExecutor$DelayedWorkQueue.siftUp(ILjava/util/concurrent/RunnableScheduledFuture;)V @ 57 c2
Event: 793.122 Thread 0x000001f1fb99f690 DEOPT PACKING pc=0x000001f1a910db44 sp=0x0000001445ffef70
Event: 793.123 Thread 0x000001f1fb99f690 DEOPT UNPACKING pc=0x000001f1a88f4402 sp=0x0000001445ffeeb0 mode 2
Event: 944.996 Thread 0x000001f1fafdc240 Uncommon trap: trap_request=0xffffff45 fr.pc=0x000001f1a8f7c754 relative=0x0000000000000214
Event: 944.997 Thread 0x000001f1fafdc240 Uncommon trap: reason=unstable_if action=reinterpret pc=0x000001f1a8f7c754 method=java.util.HashMap.getNode(Ljava/lang/Object;)Ljava/util/HashMap$Node; @ 66 c2
Event: 944.997 Thread 0x000001f1fafdc240 DEOPT PACKING pc=0x000001f1a8f7c754 sp=0x00000014473fca70
Event: 944.998 Thread 0x000001f1fafdc240 DEOPT UNPACKING pc=0x000001f1a88f4402 sp=0x00000014473fc990 mode 2
Event: 1102.111 Thread 0x000001f1fb9a0a40 Uncommon trap: trap_request=0xffffff45 fr.pc=0x000001f1a911d2a4 relative=0x0000000000001c24
Event: 1102.115 Thread 0x000001f1fb9a0a40 Uncommon trap: reason=unstable_if action=reinterpret pc=0x000001f1a911d2a4 method=java.util.concurrent.ScheduledThreadPoolExecutor$ScheduledFutureTask.compareTo(Ljava/util/concurrent/Delayed;)I @ 40 c2
Event: 1102.116 Thread 0x000001f1fb9a0a40 DEOPT PACKING pc=0x000001f1a911d2a4 sp=0x00000014460ff540
Event: 1102.117 Thread 0x000001f1fb9a0a40 DEOPT UNPACKING pc=0x000001f1a88f4402 sp=0x00000014460ff240 mode 2
Event: 1158.111 Thread 0x000001f1fb99f690 Uncommon trap: trap_request=0xffffff45 fr.pc=0x000001f1a90f5790 relative=0x0000000000000810
Event: 1158.112 Thread 0x000001f1fb99f690 Uncommon trap: reason=unstable_if action=reinterpret pc=0x000001f1a90f5790 method=java.util.concurrent.ScheduledThreadPoolExecutor$ScheduledFutureTask.compareTo(Ljava/util/concurrent/Delayed;)I @ 40 c2
Event: 1158.112 Thread 0x000001f1fb99f690 DEOPT PACKING pc=0x000001f1a90f5790 sp=0x0000001445ffeec0
Event: 1158.112 Thread 0x000001f1fb99f690 DEOPT UNPACKING pc=0x000001f1a88f4402 sp=0x0000001445ffed90 mode 2
Event: 1218.863 Thread 0x000001f1fafdf030 Uncommon trap: trap_request=0xffffffd6 fr.pc=0x000001f1a9110174 relative=0x0000000000000c74
Event: 1218.864 Thread 0x000001f1fafdf030 Uncommon trap: reason=array_check action=maybe_recompile pc=0x000001f1a9110174 method=java.util.concurrent.ScheduledThreadPoolExecutor$DelayedWorkQueue.offer(Ljava/lang/Runnable;)Z @ 65 c2
Event: 1218.864 Thread 0x000001f1fafdf030 DEOPT PACKING pc=0x000001f1a9110174 sp=0x0000001446bfef50
Event: 1218.865 Thread 0x000001f1fafdf030 DEOPT UNPACKING pc=0x000001f1a88f4402 sp=0x0000001446bfee40 mode 2

Classes loaded (20 events):
Event: 526.738 Loading class com/sun/beans/finder/MethodFinder$1
Event: 526.746 Loading class com/sun/beans/finder/MethodFinder$1 done
Event: 526.746 Loading class com/sun/beans/finder/FinderUtils
Event: 526.749 Loading class com/sun/beans/finder/FinderUtils done
Event: 526.817 Loading class java/lang/EnumBeanInfo
Event: 526.818 Loading class java/lang/EnumBeanInfo done
Event: 526.820 Loading class java/lang/EnumBeanInfo
Event: 526.820 Loading class java/lang/EnumBeanInfo done
Event: 526.822 Loading class java/lang/EnumCustomizer
Event: 526.822 Loading class java/lang/EnumCustomizer done
Event: 526.824 Loading class java/lang/EnumCustomizer
Event: 526.824 Loading class java/lang/EnumCustomizer done
Event: 944.345 Loading class java/util/stream/ReduceOps$7
Event: 944.380 Loading class java/util/stream/ReduceOps$7 done
Event: 944.381 Loading class java/util/stream/ReduceOps$6ReducingSink
Event: 944.388 Loading class java/util/stream/ReduceOps$6ReducingSink done
Event: 944.643 Loading class java/lang/Throwable$WrappedPrintWriter
Event: 944.645 Loading class java/lang/Throwable$PrintStreamOrWriter
Event: 944.645 Loading class java/lang/Throwable$PrintStreamOrWriter done
Event: 944.646 Loading class java/lang/Throwable$WrappedPrintWriter done

Classes unloaded (20 events):
Event: 1239.038 Thread 0x000001f1b3a3bc00 Unloading class 0x000001f1b50c8000 'java/lang/invoke/LambdaForm$MH+0x000001f1b50c8000'
Event: 1239.038 Thread 0x000001f1b3a3bc00 Unloading class 0x000001f1b5034c00 'java/lang/invoke/LambdaForm$MH+0x000001f1b5034c00'
Event: 1239.039 Thread 0x000001f1b3a3bc00 Unloading class 0x000001f1b501d800 'java/lang/invoke/LambdaForm$MH+0x000001f1b501d800'
Event: 1239.039 Thread 0x000001f1b3a3bc00 Unloading class 0x000001f1b501d000 'java/lang/invoke/LambdaForm$MH+0x000001f1b501d000'
Event: 1239.040 Thread 0x000001f1b3a3bc00 Unloading class 0x000001f1b501c800 'java/lang/invoke/LambdaForm$MH+0x000001f1b501c800'
Event: 1239.040 Thread 0x000001f1b3a3bc00 Unloading class 0x000001f1b501c400 'java/lang/invoke/LambdaForm$MH+0x000001f1b501c400'
Event: 1239.040 Thread 0x000001f1b3a3bc00 Unloading class 0x000001f1b501b400 'java/lang/invoke/LambdaForm$MH+0x000001f1b501b400'
Event: 1239.040 Thread 0x000001f1b3a3bc00 Unloading class 0x000001f1b501a800 'java/lang/invoke/LambdaForm$MH+0x000001f1b501a800'
Event: 1239.040 Thread 0x000001f1b3a3bc00 Unloading class 0x000001f1b501a400 'java/lang/invoke/LambdaForm$MH+0x000001f1b501a400'
Event: 1239.040 Thread 0x000001f1b3a3bc00 Unloading class 0x000001f1b5019c00 'java/lang/invoke/LambdaForm$MH+0x000001f1b5019c00'
Event: 1239.040 Thread 0x000001f1b3a3bc00 Unloading class 0x000001f1b5019800 'java/lang/invoke/LambdaForm$MH+0x000001f1b5019800'
Event: 1239.041 Thread 0x000001f1b3a3bc00 Unloading class 0x000001f1b5019400 'java/lang/invoke/LambdaForm$MH+0x000001f1b5019400'
Event: 1239.041 Thread 0x000001f1b3a3bc00 Unloading class 0x000001f1b5018400 'java/lang/invoke/LambdaForm$MH+0x000001f1b5018400'
Event: 1239.041 Thread 0x000001f1b3a3bc00 Unloading class 0x000001f1b5015400 'java/lang/invoke/LambdaForm$MH+0x000001f1b5015400'
Event: 1239.041 Thread 0x000001f1b3a3bc00 Unloading class 0x000001f1b5014c00 'java/lang/invoke/LambdaForm$MH+0x000001f1b5014c00'
Event: 1239.041 Thread 0x000001f1b3a3bc00 Unloading class 0x000001f1b5014400 'java/lang/invoke/LambdaForm$MH+0x000001f1b5014400'
Event: 1239.042 Thread 0x000001f1b3a3bc00 Unloading class 0x000001f1b5002000 'java/lang/invoke/LambdaForm$MH+0x000001f1b5002000'
Event: 1239.042 Thread 0x000001f1b3a3bc00 Unloading class 0x000001f1b5001c00 'java/lang/invoke/LambdaForm$MH+0x000001f1b5001c00'
Event: 1239.042 Thread 0x000001f1b3a3bc00 Unloading class 0x000001f1b5001800 'java/lang/invoke/LambdaForm$MH+0x000001f1b5001800'
Event: 1239.042 Thread 0x000001f1b3a3bc00 Unloading class 0x000001f1b5001000 'java/lang/invoke/LambdaForm$MH+0x000001f1b5001000'

Classes redefined (0 events):
No events

Internal exceptions (20 events):
Event: 85.048 Thread 0x000001f1fafda800 Exception <a 'java/lang/ClassNotFoundException'{0x00000000cc693f78}: org/springframework/web/servlet/support/RequestContextCustomizer> (0x00000000cc693f78) 
thrown [s\open\src\hotspot\share\classfile\systemDictionary.cpp, line 313]
Event: 85.084 Thread 0x000001f1fafda800 Exception <a 'java/lang/ClassNotFoundException'{0x00000000cc57ac90}: org/springframework/cloud/netflix/eureka/server/InstanceRegistryBeanInfo> (0x00000000cc57ac90) 
thrown [s\open\src\hotspot\share\classfile\systemDictionary.cpp, line 313]
Event: 85.086 Thread 0x000001f1fafda800 Exception <a 'java/lang/ClassNotFoundException'{0x00000000cc582d68}: com/netflix/eureka/registry/PeerAwareInstanceRegistryImplBeanInfo> (0x00000000cc582d68) 
thrown [s\open\src\hotspot\share\classfile\systemDictionary.cpp, line 313]
Event: 85.087 Thread 0x000001f1fafda800 Exception <a 'java/lang/ClassNotFoundException'{0x00000000cc58b0b8}: com/netflix/eureka/registry/AbstractInstanceRegistryBeanInfo> (0x00000000cc58b0b8) 
thrown [s\open\src\hotspot\share\classfile\systemDictionary.cpp, line 313]
Event: 85.089 Thread 0x000001f1fafda800 Exception <a 'java/lang/ClassNotFoundException'{0x00000000cc593260}: com/netflix/eureka/registry/AbstractInstanceRegistryCustomizer> (0x00000000cc593260) 
thrown [s\open\src\hotspot\share\classfile\systemDictionary.cpp, line 313]
Event: 85.095 Thread 0x000001f1fafda800 Exception <a 'java/lang/ClassNotFoundException'{0x00000000cc5b6200}: com/netflix/eureka/registry/PeerAwareInstanceRegistryImplCustomizer> (0x00000000cc5b6200) 
thrown [s\open\src\hotspot\share\classfile\systemDictionary.cpp, line 313]
Event: 85.098 Thread 0x000001f1fafda800 Exception <a 'java/lang/ClassNotFoundException'{0x00000000cc5d2100}: org/springframework/cloud/netflix/eureka/server/InstanceRegistryCustomizer> (0x00000000cc5d2100) 
thrown [s\open\src\hotspot\share\classfile\systemDictionary.cpp, line 313]
Event: 85.106 Thread 0x000001f1fafda800 Exception <a 'java/lang/NoSuchMethodError'{0x00000000cc5f5370}: 'long java.lang.invoke.DelegatingMethodHandle$Holder.reinvoke_L(java.lang.Object, java.lang.Object)'> (0x00000000cc5f5370) 
thrown [s\open\src\hotspot\share\interpreter\linkResolver.cpp, line 796]
Event: 85.112 Thread 0x000001f1fafda800 Exception <a 'java/lang/ClassNotFoundException'{0x00000000cc4146e0}: com/netflix/eureka/util/StatusInfoBeanInfo> (0x00000000cc4146e0) 
thrown [s\open\src\hotspot\share\classfile\systemDictionary.cpp, line 313]
Event: 85.113 Thread 0x000001f1fafda800 Exception <a 'java/lang/ClassNotFoundException'{0x00000000cc41b5a8}: com/netflix/eureka/util/StatusInfoCustomizer> (0x00000000cc41b5a8) 
thrown [s\open\src\hotspot\share\classfile\systemDictionary.cpp, line 313]
Event: 85.321 Thread 0x000001f1fafdbbb0 Exception <a 'java/lang/NoSuchMethodError'{0x00000000cc479c60}: 'java.lang.Object java.lang.invoke.DirectMethodHandle$Holder.invokeStatic(java.lang.Object, int, int)'> (0x00000000cc479c60) 
thrown [s\open\src\hotspot\share\interpreter\linkResolver.cpp, line 796]
Event: 129.226 Thread 0x000001f1fafda800 Exception <a 'java/lang/NoSuchMethodError'{0x00000000cc09c848}: 'java.lang.Object java.lang.invoke.DirectMethodHandle$Holder.invokeVirtual(java.lang.Object, java.lang.Object, java.lang.Object, java.lang.Object, java.lang.Object, java.lang.Object, java.lang.Object, java.lang.Object)'> (0x00000000cc09c848) 
thrown [s\open\src\hotspot\share\interpreter\linkResolver.cpp, line 796]
Event: 129.600 Thread 0x000001f1fafda800 Exception <a 'java/lang/NoSuchMethodError'{0x00000000cbc9ae18}: 'java.lang.Object java.lang.invoke.DirectMethodHandle$Holder.invokeStaticInit(java.lang.Object, int)'> (0x00000000cbc9ae18) 
thrown [s\open\src\hotspot\share\interpreter\linkResolver.cpp, line 796]
Event: 526.643 Thread 0x000001f1fafdc8d0 Implicit null exception at 0x000001f1a905e872 to 0x000001f1a905eac8
Event: 526.681 Thread 0x000001f1fafdc8d0 Exception <a 'java/lang/ClassNotFoundException'{0x00000000cc740d00}: java/util/HashMap$NodeBeanInfo> (0x00000000cc740d00) 
thrown [s\open\src\hotspot\share\classfile\systemDictionary.cpp, line 313]
Event: 526.686 Thread 0x000001f1fafdc8d0 Exception <a 'java/lang/ClassNotFoundException'{0x00000000cc745108}: java/util/HashMap$NodeCustomizer> (0x00000000cc745108) 
thrown [s\open\src\hotspot\share\classfile\systemDictionary.cpp, line 313]
Event: 526.816 Thread 0x000001f1fafdc8d0 Exception <a 'java/lang/ClassNotFoundException'{0x00000000cc7699e8}: com/netflix/appinfo/InstanceInfo$InstanceStatusBeanInfo> (0x00000000cc7699e8) 
thrown [s\open\src\hotspot\share\classfile\systemDictionary.cpp, line 313]
Event: 526.820 Thread 0x000001f1fafdc8d0 Exception <a 'java/lang/ClassNotFoundException'{0x00000000cc76e480}: java/lang/EnumBeanInfo> (0x00000000cc76e480) 
thrown [s\open\src\hotspot\share\classfile\systemDictionary.cpp, line 313]
Event: 526.824 Thread 0x000001f1fafdc8d0 Exception <a 'java/lang/ClassNotFoundException'{0x00000000cc772cb0}: java/lang/EnumCustomizer> (0x00000000cc772cb0) 
thrown [s\open\src\hotspot\share\classfile\systemDictionary.cpp, line 313]
Event: 526.835 Thread 0x000001f1fafdc8d0 Exception <a 'java/lang/ClassNotFoundException'{0x00000000cc783340}: com/netflix/appinfo/InstanceInfo$InstanceStatusCustomizer> (0x00000000cc783340) 
thrown [s\open\src\hotspot\share\classfile\systemDictionary.cpp, line 313]

VM Operations (20 events):
Event: 902.230 Executing VM operation: RendezvousGCThreads done
Event: 962.053 Executing VM operation: HandshakeAllThreads (HandshakeForDeflation)
Event: 962.054 Executing VM operation: HandshakeAllThreads (HandshakeForDeflation) done
Event: 962.054 Executing VM operation: RendezvousGCThreads
Event: 962.054 Executing VM operation: RendezvousGCThreads done
Event: 1022.173 Executing VM operation: HandshakeAllThreads (HandshakeForDeflation)
Event: 1022.179 Executing VM operation: HandshakeAllThreads (HandshakeForDeflation) done
Event: 1022.179 Executing VM operation: RendezvousGCThreads
Event: 1022.179 Executing VM operation: RendezvousGCThreads done
Event: 1082.316 Executing VM operation: HandshakeAllThreads (HandshakeForDeflation)
Event: 1082.902 Executing VM operation: HandshakeAllThreads (HandshakeForDeflation) done
Event: 1082.902 Executing VM operation: RendezvousGCThreads
Event: 1082.902 Executing VM operation: RendezvousGCThreads done
Event: 1142.527 Executing VM operation: HandshakeAllThreads (HandshakeForDeflation)
Event: 1142.527 Executing VM operation: HandshakeAllThreads (HandshakeForDeflation) done
Event: 1142.527 Executing VM operation: RendezvousGCThreads
Event: 1142.527 Executing VM operation: RendezvousGCThreads done
Event: 1237.398 Executing VM operation: G1CollectForAllocation (G1 Evacuation Pause)
Event: 1238.159 Executing VM operation: G1CollectForAllocation (G1 Evacuation Pause) done
Event: 1239.003 Executing VM operation: G1PauseRemark

Memory protections (0 events):
No events

Nmethod flushes (20 events):
Event: 1240.805 Thread 0x000001f1b3a3bc00 flushing  nmethod 0x000001f1a904ff08
Event: 1240.806 Thread 0x000001f1b3a3bc00 flushing  nmethod 0x000001f1a9050d88
Event: 1240.807 Thread 0x000001f1b3a3bc00 flushing  nmethod 0x000001f1a13b8288
Event: 1240.807 Thread 0x000001f1b3a3bc00 flushing  nmethod 0x000001f1a13bc688
Event: 1240.807 Thread 0x000001f1b3a3bc00 flushing  nmethod 0x000001f1a13ce688
Event: 1240.808 Thread 0x000001f1b3a3bc00 flushing  nmethod 0x000001f1a1423608
Event: 1240.809 Thread 0x000001f1b3a3bc00 flushing  nmethod 0x000001f1a14b5a88
Event: 1240.810 Thread 0x000001f1b3a3bc00 flushing  nmethod 0x000001f1a14b8308
Event: 1240.810 Thread 0x000001f1b3a3bc00 flushing  nmethod 0x000001f1a16ab488
Event: 1240.810 Thread 0x000001f1b3a3bc00 flushing  nmethod 0x000001f1a1845f08
Event: 1240.811 Thread 0x000001f1b3a3bc00 flushing  nmethod 0x000001f1a1848b08
Event: 1240.811 Thread 0x000001f1b3a3bc00 flushing  nmethod 0x000001f1a1853508
Event: 1240.811 Thread 0x000001f1b3a3bc00 flushing  nmethod 0x000001f1a18b9088
Event: 1240.812 Thread 0x000001f1b3a3bc00 flushing  nmethod 0x000001f1a195ce08
Event: 1240.813 Thread 0x000001f1b3a3bc00 flushing  nmethod 0x000001f1a195d688
Event: 1240.814 Thread 0x000001f1b3a3bc00 flushing  nmethod 0x000001f1a1a04008
Event: 1240.814 Thread 0x000001f1b3a3bc00 flushing  nmethod 0x000001f1a1adee08
Event: 1240.815 Thread 0x000001f1b3a3bc00 flushing  nmethod 0x000001f1a1ae3788
Event: 1240.815 Thread 0x000001f1b3a3bc00 flushing  nmethod 0x000001f1a1c46c08
Event: 1240.816 Thread 0x000001f1b3a3bc00 flushing  nmethod 0x000001f1a1c66788

Events (20 events):
Event: 18.668 Thread 0x000001f1f9dcdf70 Thread added: 0x000001f1fafddc80
Event: 18.974 Thread 0x000001f1f9dcdf70 Thread added: 0x000001f1fafda170
Event: 18.988 Thread 0x000001f1f9dcdf70 Thread added: 0x000001f1fafda800
Event: 18.988 Thread 0x000001f1f9dcdf70 Thread added: 0x000001f1fafdb520
Event: 18.988 Thread 0x000001f1f9dcdf70 Thread added: 0x000001f1fafdfd50
Event: 18.988 Thread 0x000001f1f9dcdf70 Thread added: 0x000001f1fafdbbb0
Event: 18.989 Thread 0x000001f1f9dcdf70 Thread added: 0x000001f1fafe03e0
Event: 18.989 Thread 0x000001f1f9dcdf70 Thread added: 0x000001f1fafdc240
Event: 18.989 Thread 0x000001f1f9dcdf70 Thread added: 0x000001f1fafdc8d0
Event: 18.989 Thread 0x000001f1f9dcdf70 Thread added: 0x000001f1fafdcf60
Event: 18.989 Thread 0x000001f1f9dcdf70 Thread added: 0x000001f1fafdd5f0
Event: 18.989 Thread 0x000001f1f9dcdf70 Thread added: 0x000001f1f9de4fe0
Event: 19.016 Thread 0x000001f1fafda170 Thread exited: 0x000001f1fafda170
Event: 19.056 Thread 0x000001f1f9dcdf70 Thread added: 0x000001f1f9de5d00
Event: 19.062 Thread 0x000001f1f9dcdf70 Thread added: 0x000001f1fafda170
Event: 19.612 Thread 0x000001f1f9dcdf70 Thread exited: 0x000001f1f9dcdf70
Event: 19.626 Thread 0x000001f1f9b85380 Thread exited: 0x000001f1f9b85380
Event: 19.627 Thread 0x000001f196901250 Thread exited: 0x000001f196901250
Event: 19.627 Thread 0x000001f1fc6aa9d0 Thread added: 0x000001f1fc6aa9d0
Event: 79.109 Thread 0x000001f1fb9a1760 Thread exited: 0x000001f1fb9a1760


Dynamic libraries:
0x00007ff605a10000 - 0x00007ff605a1e000 	C:\Users\Aishwarya G\.jdks\openjdk-23.0.1\bin\java.exe
0x00007ff8d4c70000 - 0x00007ff8d4e87000 	C:\WINDOWS\SYSTEM32\ntdll.dll
0x00007ff8d4140000 - 0x00007ff8d4204000 	C:\WINDOWS\System32\KERNEL32.DLL
0x00007ff8d21b0000 - 0x00007ff8d256a000 	C:\WINDOWS\System32\KERNELBASE.dll
0x00007ff8d1ff0000 - 0x00007ff8d2101000 	C:\WINDOWS\System32\ucrtbase.dll
0x00007ff8bb1f0000 - 0x00007ff8bb20b000 	C:\Users\Aishwarya G\.jdks\openjdk-23.0.1\bin\VCRUNTIME140.dll
0x00007ff8bcbe0000 - 0x00007ff8bcbf7000 	C:\Users\Aishwarya G\.jdks\openjdk-23.0.1\bin\jli.dll
0x00007ff8d2970000 - 0x00007ff8d2b1e000 	C:\WINDOWS\System32\USER32.dll
0x00007ff8d1fc0000 - 0x00007ff8d1fe6000 	C:\WINDOWS\System32\win32u.dll
0x00007ff8d3bd0000 - 0x00007ff8d3bf9000 	C:\WINDOWS\System32\GDI32.dll
0x00007ff8d25a0000 - 0x00007ff8d26bb000 	C:\WINDOWS\System32\gdi32full.dll
0x00007ff8d2110000 - 0x00007ff8d21aa000 	C:\WINDOWS\System32\msvcp_win.dll
0x00007ff8baa70000 - 0x00007ff8bad02000 	C:\WINDOWS\WinSxS\amd64_microsoft.windows.common-controls_6595b64144ccf1df_6.0.22621.4541_none_2710d1c57384c085\COMCTL32.dll
0x00007ff8d2ed0000 - 0x00007ff8d2f77000 	C:\WINDOWS\System32\msvcrt.dll
0x00007ff8d4880000 - 0x00007ff8d48b1000 	C:\WINDOWS\System32\IMM32.DLL
0x00007ff8c9130000 - 0x00007ff8c913c000 	C:\Users\Aishwarya G\.jdks\openjdk-23.0.1\bin\vcruntime140_1.dll
0x00007ff8baf90000 - 0x00007ff8bb01e000 	C:\Users\Aishwarya G\.jdks\openjdk-23.0.1\bin\msvcp140.dll
0x00007ff862130000 - 0x00007ff862e7f000 	C:\Users\Aishwarya G\.jdks\openjdk-23.0.1\bin\server\jvm.dll
0x00007ff8d4490000 - 0x00007ff8d4542000 	C:\WINDOWS\System32\ADVAPI32.dll
0x00007ff8d3c00000 - 0x00007ff8d3ca7000 	C:\WINDOWS\System32\sechost.dll
0x00007ff8d2570000 - 0x00007ff8d2598000 	C:\WINDOWS\System32\bcrypt.dll
0x00007ff8d49a0000 - 0x00007ff8d4ab4000 	C:\WINDOWS\System32\RPCRT4.dll
0x00007ff8d4b50000 - 0x00007ff8d4bc1000 	C:\WINDOWS\System32\WS2_32.dll
0x00007ff8cdea0000 - 0x00007ff8cded4000 	C:\WINDOWS\SYSTEM32\WINMM.dll
0x00007ff8caa40000 - 0x00007ff8caa4a000 	C:\WINDOWS\SYSTEM32\VERSION.dll
0x00007ff8d1e10000 - 0x00007ff8d1e5d000 	C:\WINDOWS\SYSTEM32\POWRPROF.dll
0x00007ff8d1df0000 - 0x00007ff8d1e03000 	C:\WINDOWS\SYSTEM32\UMPDC.dll
0x00007ff8d0f40000 - 0x00007ff8d0f58000 	C:\WINDOWS\SYSTEM32\kernel.appcore.dll
0x00007ff8c7730000 - 0x00007ff8c773a000 	C:\Users\Aishwarya G\.jdks\openjdk-23.0.1\bin\jimage.dll
0x00007ff8b70e0000 - 0x00007ff8b7312000 	C:\WINDOWS\SYSTEM32\DBGHELP.DLL
0x00007ff8d2b40000 - 0x00007ff8d2ecf000 	C:\WINDOWS\System32\combase.dll
0x00007ff8d48c0000 - 0x00007ff8d4997000 	C:\WINDOWS\System32\OLEAUT32.dll
0x00007ff8b6fa0000 - 0x00007ff8b6fd2000 	C:\WINDOWS\SYSTEM32\dbgcore.DLL
0x00007ff8d2780000 - 0x00007ff8d27fb000 	C:\WINDOWS\System32\bcryptPrimitives.dll
0x00007ff8c38d0000 - 0x00007ff8c38df000 	C:\Users\Aishwarya G\.jdks\openjdk-23.0.1\bin\instrument.dll
0x00007ff8c3060000 - 0x00007ff8c307e000 	C:\Users\Aishwarya G\.jdks\openjdk-23.0.1\bin\java.dll
0x00007ff8d4550000 - 0x00007ff8d46f5000 	C:\WINDOWS\System32\ole32.dll
0x00007ff8d2f80000 - 0x00007ff8d37f8000 	C:\WINDOWS\System32\SHELL32.dll
0x00007ff8cfe30000 - 0x00007ff8d0738000 	C:\WINDOWS\SYSTEM32\windows.storage.dll
0x00007ff8cfcf0000 - 0x00007ff8cfe2f000 	C:\WINDOWS\SYSTEM32\wintypes.dll
0x00007ff8d4210000 - 0x00007ff8d430a000 	C:\WINDOWS\System32\SHCORE.dll
0x00007ff8d39b0000 - 0x00007ff8d3a0e000 	C:\WINDOWS\System32\shlwapi.dll
0x00007ff8d1e70000 - 0x00007ff8d1e9b000 	C:\WINDOWS\SYSTEM32\profapi.dll
0x00007ff8b2920000 - 0x00007ff8b29f7000 	C:\Users\Aishwarya G\.jdks\openjdk-23.0.1\bin\jsvml.dll
0x00007ff8bb040000 - 0x00007ff8bb057000 	C:\Users\Aishwarya G\.jdks\openjdk-23.0.1\bin\zip.dll
0x00007ff8c31c0000 - 0x00007ff8c31d0000 	C:\Users\Aishwarya G\.jdks\openjdk-23.0.1\bin\net.dll
0x00007ff8d13c0000 - 0x00007ff8d1429000 	C:\WINDOWS\system32\mswsock.dll
0x00007ff8bb0a0000 - 0x00007ff8bb0b6000 	C:\Users\Aishwarya G\.jdks\openjdk-23.0.1\bin\nio.dll
0x00007ff8b2810000 - 0x00007ff8b282a000 	C:\Users\Aishwarya G\AppData\Local\JetBrains\IntelliJ IDEA Community Edition 2024.3.1.1\bin\breakgen64.dll
0x00007ff8c3050000 - 0x00007ff8c3059000 	C:\Users\Aishwarya G\.jdks\openjdk-23.0.1\bin\extnet.dll
0x00007ff8bcbd0000 - 0x00007ff8bcbda000 	C:\Users\Aishwarya G\.jdks\openjdk-23.0.1\bin\management.dll
0x00007ff8bb380000 - 0x00007ff8bb38b000 	C:\Users\Aishwarya G\.jdks\openjdk-23.0.1\bin\management_ext.dll
0x00007ff8d4c20000 - 0x00007ff8d4c28000 	C:\WINDOWS\System32\PSAPI.DLL
0x00007ff8d09a0000 - 0x00007ff8d09cd000 	C:\WINDOWS\SYSTEM32\IPHLPAPI.DLL
0x00007ff8d4700000 - 0x00007ff8d4709000 	C:\WINDOWS\System32\NSI.dll
0x00007ff8d0a10000 - 0x00007ff8d0b12000 	C:\WINDOWS\SYSTEM32\DNSAPI.dll
0x00007ff8caa30000 - 0x00007ff8caa3a000 	C:\Windows\System32\rasadhlp.dll
0x00007ff8cad40000 - 0x00007ff8cadc3000 	C:\WINDOWS\System32\fwpuclnt.dll
0x00007ff8c3000000 - 0x00007ff8c300e000 	C:\Users\Aishwarya G\.jdks\openjdk-23.0.1\bin\sunmscapi.dll
0x00007ff8d2800000 - 0x00007ff8d2966000 	C:\WINDOWS\System32\CRYPT32.dll
0x00007ff8d1810000 - 0x00007ff8d183d000 	C:\WINDOWS\SYSTEM32\ncrypt.dll
0x00007ff8d17d0000 - 0x00007ff8d1807000 	C:\WINDOWS\SYSTEM32\NTASN1.dll
0x00007ff8d1630000 - 0x00007ff8d164b000 	C:\WINDOWS\SYSTEM32\CRYPTSP.dll
0x00007ff8d0ea0000 - 0x00007ff8d0ed5000 	C:\WINDOWS\system32\rsaenh.dll
0x00007ff8d14a0000 - 0x00007ff8d14c8000 	C:\WINDOWS\SYSTEM32\USERENV.dll
0x00007ff8d1650000 - 0x00007ff8d165c000 	C:\WINDOWS\SYSTEM32\CRYPTBASE.dll
0x00007ff8bb090000 - 0x00007ff8bb0a0000 	C:\Users\Aishwarya G\.jdks\openjdk-23.0.1\bin\verify.dll
0x00007ff883090000 - 0x00007ff883098000 	C:\WINDOWS\system32\wshunix.dll

dbghelp: loaded successfully - version: 4.0.5 - missing functions: none
symbol engine: initialized successfully - sym options: 0x614 - pdb path: .;C:\Users\Aishwarya G\.jdks\openjdk-23.0.1\bin;C:\WINDOWS\SYSTEM32;C:\WINDOWS\WinSxS\amd64_microsoft.windows.common-controls_6595b64144ccf1df_6.0.22621.4541_none_2710d1c57384c085;C:\Users\Aishwarya G\.jdks\openjdk-23.0.1\bin\server;C:\Users\Aishwarya G\AppData\Local\JetBrains\IntelliJ IDEA Community Edition 2024.3.1.1\bin

VM Arguments:
jvm_args: -javaagent:C:\Users\Aishwarya G\AppData\Local\JetBrains\IntelliJ IDEA Community Edition 2024.3.1.1\lib\idea_rt.jar=55753:C:\Users\Aishwarya G\AppData\Local\JetBrains\IntelliJ IDEA Community Edition 2024.3.1.1\bin -Dfile.encoding=UTF-8 -Dsun.stdout.encoding=UTF-8 -Dsun.stderr.encoding=UTF-8 
java_command: com.example.eureka.EurekaApplication
java_class_path (initial): C:\Users\Aishwarya G\Microservices lab\Inventory-Management-System-main\eureka\target\classes;C:\Users\Aishwarya G\.m2\repository\org\springframework\boot\spring-boot-starter-web\3.4.1\spring-boot-starter-web-3.4.1.jar;C:\Users\Aishwarya G\.m2\repository\org\springframework\boot\spring-boot-starter\3.4.1\spring-boot-starter-3.4.1.jar;C:\Users\Aishwarya G\.m2\repository\org\springframework\boot\spring-boot-starter-logging\3.4.1\spring-boot-starter-logging-3.4.1.jar;C:\Users\Aishwarya G\.m2\repository\ch\qos\logback\logback-classic\1.5.12\logback-classic-1.5.12.jar;C:\Users\Aishwarya G\.m2\repository\ch\qos\logback\logback-core\1.5.12\logback-core-1.5.12.jar;C:\Users\Aishwarya G\.m2\repository\org\apache\logging\log4j\log4j-to-slf4j\2.24.3\log4j-to-slf4j-2.24.3.jar;C:\Users\Aishwarya G\.m2\repository\org\apache\logging\log4j\log4j-api\2.24.3\log4j-api-2.24.3.jar;C:\Users\Aishwarya G\.m2\repository\org\slf4j\jul-to-slf4j\2.0.16\jul-to-slf4j-2.0.16.jar;C:\Users\Aishwarya G\.m2\repository\jakarta\annotation\jakarta.annotation-api\2.1.1\jakarta.annotation-api-2.1.1.jar;C:\Users\Aishwarya G\.m2\repository\org\yaml\snakeyaml\2.3\snakeyaml-2.3.jar;C:\Users\Aishwarya G\.m2\repository\org\springframework\boot\spring-boot-starter-json\3.4.1\spring-boot-starter-json-3.4.1.jar;C:\Users\Aishwarya G\.m2\repository\com\fasterxml\jackson\core\jackson-databind\2.18.2\jackson-databind-2.18.2.jar;C:\Users\Aishwarya G\.m2\repository\com\fasterxml\jackson\datatype\jackson-datatype-jdk8\2.18.2\jackson-datatype-jdk8-2.18.2.jar;C:\Users\Aishwarya G\.m2\repository\com\fasterxml\jackson\datatype\jackson-datatype-jsr310\2.18.2\jackson-datatype-jsr310-2.18.2.jar;C:\Users\Aishwarya G\.m2\repository\com\fasterxml\jackson\module\jackson-module-parameter-names\2.18.2\jackson-module-parameter-names-2.18.2.jar;C:\Users\Aishwarya G\.m2\repository\org\springframework\boot\spring-boot-starter-tomcat\3.4.1\spring-boot-starter-tomcat-3.4.1.jar;C:\Users\Aishwarya G\.m2\repository\org\apache\tomcat\embed\tomcat-embed-core\10.1.34\tomcat-embed-core-10.1.34.jar;C:\Users\Aishwarya G\.m2\repository\org\apache\tomcat\embed\tomcat-embed-el\10.1.34\tomcat-embed-el-10.1.34.jar;C:\Users\Aishwarya G\.m2\repository\org\apache\tomcat\embed\tomcat-embed-websocket\10.1.34\tomcat-embed-websocket-10.1.34.jar;C:\Users\Aishwarya G\.m2\repository\org\springframework\spring-web\6.2.1\spring-web-6.2.1.jar;C:\Users\Aishwarya G\.m2\repository\org\springframework\spring-beans\6.2.1\spring-beans-6.2.1.jar;C:\Users\Aishwarya G\.m2\repository\io\micrometer\micrometer-observation\1.14.2\micrometer-observation-1.14.2.jar;C:\Users\Aishwarya G\.m2\repository\io\micrometer\micrometer-commons\1.14.2\micrometer-commons-1.14.2.jar;C:\Users\Aishwarya G\.m2\repository\org\springframework\spring-webmvc\6.2.1\spring-webmvc-6.2.1.jar;C:\Users\Aishwarya G\.m2\repository\org\springframework\spring-aop\6.2.1\spring-aop-6.2.1.jar;C:\Users\Aishwarya G\.m2\repository\org\springframework\spring-context\6.2.1\spring-context-6.2.1.jar;C:\Users\Aishwarya G\.m2\repository\org\springframework\spring-expression\6.2.1\spring-expression-6.2.1.jar;C:\Users\Aishwarya G\.m2\repository\org\springframework\cloud\spring-cloud-starter-netflix-eureka-server\4.2.0\spring-cloud-starter-netflix-eureka-server-4.2.0.jar;C:\Users\Aishwarya G\.m2\repository\org\springframework\cloud\spring-cloud-starter\4.2.0\spring-cloud-starter-4.2.0.jar;C:\Users\Aishwarya G\.m2\repository\org\springframework\cloud\spring-cloud-context\4.2.0\spring-cloud-context-4.2.0.jar;C:\Users\Aishwarya G\.m2\repository\org\springframework\security\spring-security-crypto\6.4.2\spring-security-crypto-6.4.2.jar;C:\Users\Aishwarya G\.m2\repository\org\springframework\cloud\spring-cloud-commons\4.2.0\spring-cloud-commons-4.2.0.jar;C:\Users\Aishwarya G\.m2\repository\org\bouncycastle\bcprov-jdk18on\1.78.1\bcprov-jdk18on-1.78.1.jar;C:\Users\Aishwarya G\.m2\repository\org\springframework\cloud\spring-cloud-netflix-eureka-server\4.2.0\spring-cloud-netflix-eureka-server-4.2.0.jar;C:\Users\Aishwarya G\.m2\repository\org\springframework\boot\spring-boot-starter-actuator\3.4.1\spring-boot-starter-actuator-3.4.1.jar;C:\Users\Aishwarya G\.m2\repository\org\springframework\boot\spring-boot-actuator-autoconfigure\3.4.1\spring-boot-actuator-autoconfigure-3.4.1.jar;C:\Users\Aishwarya G\.m2\repository\org\springframework\boot\spring-boot-actuator\3.4.1\spring-boot-actuator-3.4.1.jar;C:\Users\Aishwarya G\.m2\repository\io\micrometer\micrometer-jakarta9\1.14.2\micrometer-jakarta9-1.14.2.jar;C:\Users\Aishwarya G\.m2\repository\io\micrometer\micrometer-core\1.14.2\micrometer-core-1.14.2.jar;C:\Users\Aishwarya G\.m2\repository\org\hdrhistogram\HdrHistogram\2.2.2\HdrHistogram-2.2.2.jar;C:\Users\Aishwarya G\.m2\repository\org\latencyutils\LatencyUtils\2.0.3\LatencyUtils-2.0.3.jar;C:\Users\Aishwarya G\.m2\repository\org\springframework\boot\spring-boot-starter-freemarker\3.4.1\spring-boot-starter-freemarker-3.4.1.jar;C:\Users\Aishwarya G\.m2\repository\org\freemarker\freemarker\2.3.33\freemarker-2.3.33.jar;C:\Users\Aishwarya G\.m2\repository\org\springframework\spring-context-support\6.2.1\spring-context-support-6.2.1.jar;C:\Users\Aishwarya G\.m2\repository\com\netflix\eureka\eureka-client-jersey3\2.0.4\eureka-client-jersey3-2.0.4.jar;C:\Users\Aishwarya G\.m2\repository\org\glassfish\jersey\connectors\jersey-apache-connector\3.1.9\jersey-apache-connector-3.1.9.jar;C:\Users\Aishwarya G\.m2\repository\commons-logging\commons-logging\1.3.3\commons-logging-1.3.3.jar;C:\Users\Aishwarya G\.m2\repository\com\netflix\eureka\eureka-core-jersey3\2.0.4\eureka-core-jersey3-2.0.4.jar;C:\Users\Aishwarya G\.m2\repository\com\netflix\eureka\eureka-core\2.0.4\eureka-core-2.0.4.jar;C:\Users\Aishwarya G\.m2\repository\com\google\guava\guava\33.3.1-jre\guava-33.3.1-jre.jar;C:\Users\Aishwarya G\.m2\repository\com\google\guava\failureaccess\1.0.2\failureaccess-1.0.2.jar;C:\Users\Aishwarya G\.m2\repository\com\google\guava\listenablefuture\9999.0-empty-to-avoid-conflict-with-guava\listenablefuture-9999.0-empty-to-avoid-conflict-with-guava.jar;C:\Users\Aishwarya G\.m2\repository\org\checkerframework\checker-qual\3.43.0\checker-qual-3.43.0.jar;C:\Users\Aishwarya G\.m2\repository\com\google\errorprone\error_prone_annotations\2.28.0\error_prone_annotations-2.28.0.jar;C:\Users\Aishwarya G\.m2\repository\com\google\j2objc\j2objc-annotations\3.0.0\j2objc-annotations-3.0.0.jar;C:\Users\Aishwarya G\.m2\repository\org\glassfish\jersey\containers\jersey-container-servlet\3.1.9\jersey-container-servlet-3.1.9.jar;C:\Users\Aishwarya G\.m2\repository\org\glassfish\jersey\containers\jersey-container-servlet-core\3.1.9\jersey-container-servlet-core-3.1.9.jar;C:\Users\Aishwarya G\.m2\repository\org\glassfish\jersey\core\jersey-common\3.1.9\jersey-common-3.1.9.jar;C:\Users\Aishwarya G\.m2\repository\org\glassfish\hk2\osgi-resource-locator\1.0.3\osgi-resource-locator-1.0.3.jar;C:\Users\Aishwarya G\.m2\repository\org\glassfish\jersey\core\jersey-server\3.1.9\jersey-server-3.1.9.jar;C:\Users\Aishwarya G\.m2\repository\jakarta\validation\jakarta.validation-api\3.0.2\jakarta.validation-api-3.0.2.jar;C:\Users\Aishwarya G\.m2\repository\org\glassfish\jersey\core\jersey-client\3.1.9\jersey-client-3.1.9.jar;C:\Users\Aishwarya G\.m2\repository\org\glassfish\jersey\inject\jersey-hk2\3.1.9\jersey-hk2-3.1.9.jar;C:\Users\Aishwarya G\.m2\repository\org\glassfish\hk2\hk2-locator\3.0.6\hk2-locator-3.0.6.jar;C:\Users\Aishwarya G\.m2\repository\org\glassfish\hk2\external\aopalliance-repackaged\3.0.6\aopalliance-repackaged-3.0.6.jar;C:\Users\Aishwarya G\.m2\repository\org\glassfish\hk2\hk2-utils\3.0.6\hk2-utils-3.0.6.jar;C:\Users\Aishwarya G\.m2\repository\org\javassist\javassist\3.30.2-GA\javassist-3.30.2-GA.jar;C:\Users\Aishwarya G\.m2\repository\org\glassfish\hk2\spring-bridge\3.1.1\spring-bridge-3.1.1.jar;C:\Users\Aishwarya G\.m2\repository\org\glassfish\hk2\hk2-api\3.1.1\hk2-api-3.1.1.jar;C:\Users\Aishwarya G\.m2\repository\com\fasterxml\jackson\dataformat\jackson-dataformat-xml\2.18.2\jackson-dataformat-xml-2.18.2.jar;C:\Users\Aishwarya G\.m2\repository\org\codehaus\woodstox\stax2-api\4.2.2\stax2-api-4.2.2.jar;C:\Users\Aishwarya G\.m2\repository\com\fasterxml\woodstox\woodstox-core\7.0.0\woodstox-core-7.0.0.jar;C:\Users\Aishwarya G\.m2\repository\org\springframework\cloud\spring-cloud-starter-loadbalancer\4.2.0\spring-cloud-starter-loadbalancer-4.2.0.jar;C:\Users\Aishwarya G\.m2\repository\org\springframework\cloud\spring-cloud-loadbalancer\4.2.0\spring-cloud-loadbalancer-4.2.0.jar;C:\Users\Aishwarya G\.m2\repository\io\projectreactor\reactor-core\3.7.1\reactor-core-3.7.1.jar;C:\Users\Aishwarya G\.m2\repository\org\reactivestreams\reactive-streams\1.0.4\reactive-streams-1.0.4.jar;C:\Users\Aishwarya G\.m2\repository\io\projectreactor\addons\reactor-extra\3.5.2\reactor-extra-3.5.2.jar;C:\Users\Aishwarya G\.m2\repository\org\springframework\boot\spring-boot-starter-cache\3.4.1\spring-boot-starter-cache-3.4.1.jar;C:\Users\Aishwarya G\.m2\repository\com\stoyanr\evictor\1.0.0\evictor-1.0.0.jar;C:\Users\Aishwarya G\.m2\repository\org\glassfish\jaxb\jaxb-runtime\4.0.5\jaxb-runtime-4.0.5.jar;C:\Users\Aishwarya G\.m2\repository\org\glassfish\jaxb\jaxb-core\4.0.5\jaxb-core-4.0.5.jar;C:\Users\Aishwarya G\.m2\repository\org\eclipse\angus\angus-activation\2.0.2\angus-activation-2.0.2.jar;C:\Users\Aishwarya G\.m2\repository\org\glassfish\jaxb\txw2\4.0.5\txw2-4.0.5.jar;C:\Users\Aishwarya G\.m2\repository\com\sun\istack\istack-commons-runtime\4.1.2\istack-commons-runtime-4.1.2.jar;C:\Users\Aishwarya G\.m2\repository\org\springframework\cloud\spring-cloud-starter-netflix-eureka-client\4.2.0\spring-cloud-starter-netflix-eureka-client-4.2.0.jar;C:\Users\Aishwarya G\.m2\repository\org\springframework\cloud\spring-cloud-netflix-eureka-client\4.2.0\spring-cloud-netflix-eureka-client-4.2.0.jar;C:\Users\Aishwarya G\.m2\repository\org\apache\httpcomponents\client5\httpclient5\5.4.1\httpclient5-5.4.1.jar;C:\Users\Aishwarya G\.m2\repository\org\apache\httpcomponents\core5\httpcore5\5.3.1\httpcore5-5.3.1.jar;C:\Users\Aishwarya G\.m2\repository\org\apache\httpcomponents\core5\httpcore5-h2\5.3.1\httpcore5-h2-5.3.1.jar;C:\Users\Aishwarya G\.m2\repository\com\netflix\eureka\eureka-client\2.0.4\eureka-client-2.0.4.jar;C:\Users\Aishwarya G\.m2\repository\com\thoughtworks\xstream\xstream\1.4.20\xstream-1.4.20.jar;C:\Users\Aishwarya G\.m2\repository\io\github\x-stream\mxparser\1.2.2\mxparser-1.2.2.jar;C:\Users\Aishwarya G\.m2\repository\xmlpull\xmlpull\1.1.3.1\xmlpull-1.1.3.1.jar;C:\Users\Aishwarya G\.m2\repository\jakarta\ws\rs\jakarta.ws.rs-api\3.1.0\jakarta.ws.rs-api-3.1.0.jar;C:\Users\Aishwarya G\.m2\repository\jakarta\inject\jakarta.inject-api\2.0.1\jakarta.inject-api-2.0.1.jar;C:\Users\Aishwarya G\.m2\repository\com\netflix\spectator\spectator-api\1.7.3\spectator-api-1.7.3.jar;C:\Users\Aishwarya G\.m2\repository\org\slf4j\slf4j-api\2.0.16\slf4j-api-2.0.16.jar;C:\Users\Aishwarya G\.m2\repository\org\apache\httpcomponents\httpclient\4.5.3\httpclient-4.5.3.jar;C:\Users\Aishwarya G\.m2\repository\org\apache\httpcomponents\httpcore\4.4.16\httpcore-4.4.16.jar;C:\Users\Aishwarya G\.m2\repository\commons-codec\commons-codec\1.17.1\commons-codec-1.17.1.jar;C:\Users\Aishwarya G\.m2\repository\commons-configuration\commons-configuration\1.10\commons-configuration-1.10.jar;C:\Users\Aishwarya G\.m2\repository\commons-lang\commons-lang\2.6\commons-lang-2.6.jar;C:\Users\Aishwarya G\.m2\repository\com\fasterxml\jackson\core\jackson-annotations\2.18.2\jackson-annotations-2.18.2.jar;C:\Users\Aishwarya G\.m2\repository\com\fasterxml\jackson\core\jackson-core\2.18.2\jackson-core-2.18.2.jar;C:\Users\Aishwarya G\.m2\repository\com\netflix\netflix-commons\netflix-eventbus\0.3.0\netflix-eventbus-0.3.0.jar;C:\Users\Aishwarya G\.m2\repository\com\netflix\netflix-commons\netflix-infix\0.3.0\netflix-infix-0.3.0.jar;C:\Users\Aishwarya G\.m2\repository\commons-jxpath\commons-jxpath\1.3\commons-jxpath-1.3.jar;C:\Users\Aishwarya G\.m2\repository\joda-time\joda-time\2.3\joda-time-2.3.jar;C:\Users\Aishwarya G\.m2\repository\org\antlr\antlr-runtime\3.4\antlr-runtime-3.4.jar;C:\Users\Aishwarya G\.m2\repository\org\antlr\stringtemplate\3.2.1\stringtemplate-3.2.1.jar;C:\Users\Aishwarya G\.m2\repository\antlr\antlr\2.7.7\antlr-2.7.7.jar;C:\Users\Aishwarya G\.m2\repository\com\google\code\gson\gson\2.11.0\gson-2.11.0.jar;C:\Users\Aishwarya G\.m2\repository\com\netflix\servo\servo-core\0.5.3\servo-core-0.5.3.jar;C:\Users\Aishwarya G\.m2\repository\org\apache\commons\commons-math\2.2\commons-math-2.2.jar;C:\Users\Aishwarya G\.m2\repository\javax\annotation\javax.annotation-api\1.2\javax.annotation-api-1.2.jar;C:\Users\Aishwarya G\.m2\repository\org\codehaus\jettison\jettison\1.5.4\jettison-1.5.4.jar;C:\Users\Aishwarya G\.m2\repository\org\springframework\boot\spring-boot-devtools\3.4.1\spring-boot-devtools-3.4.1.jar;C:\Users\Aishwarya G\.m2\repository\org\springframework\boot\spring-boot\3.4.1\spring-boot-3.4.1.jar;C:\Users\Aishwarya G\.m2\repository\org\springframework\boot\spring-boot-autoconfigure\3.4.1\spring-boot-autoconfigure-3.4.1.jar;C:\Users\Aishwarya G\.m2\repository\jakarta\xml\bind\jakarta.xml.bind-api\4.0.2\jakarta.xml.bind-api-4.0.2.jar;C:\Users\Aishwarya G\.m2\repository\jakarta\activation\jakarta.activation-api\2.1.3\jakarta.activation-api-2.1.3.jar;C:\Users\Aishwarya G\.m2\repository\org\springframework\spring-core\6.2.1\spring-core-6.2.1.jar;C:\Users\Aishwarya G\.m2\repository\org\springframework\spring-jcl\6.2.1\spring-jcl-6.2.1.jar
Launcher Type: SUN_STANDARD

[Global flags]
     intx CICompilerCount                          = 3                                         {product} {ergonomic}
     uint ConcGCThreads                            = 1                                         {product} {ergonomic}
     uint G1ConcRefinementThreads                  = 4                                         {product} {ergonomic}
   size_t G1HeapRegionSize                         = 1048576                                   {product} {ergonomic}
   size_t InitialHeapSize                          = 58720256                                  {product} {ergonomic}
   size_t MarkStackSize                            = 4194304                                   {product} {ergonomic}
   size_t MarkStackSizeMax                         = 536870912                                 {product} {ergonomic}
   size_t MaxHeapSize                              = 926941184                                 {product} {ergonomic}
   size_t MaxNewSize                               = 555745280                                 {product} {ergonomic}
   size_t MinHeapDeltaBytes                        = 1048576                                   {product} {ergonomic}
   size_t MinHeapSize                              = 8388608                                   {product} {ergonomic}
    uintx NonNMethodCodeHeapSize                   = 5832704                                {pd product} {ergonomic}
    uintx NonProfiledCodeHeapSize                  = 122945536                              {pd product} {ergonomic}
    uintx ProfiledCodeHeapSize                     = 122880000                              {pd product} {ergonomic}
    uintx ReservedCodeCacheSize                    = 251658240                              {pd product} {ergonomic}
     bool SegmentedCodeCache                       = true                                      {product} {ergonomic}
   size_t SoftMaxHeapSize                          = 926941184                              {manageable} {ergonomic}
     bool UseCompressedOops                        = true                           {product lp64_product} {ergonomic}
     bool UseG1GC                                  = true                                      {product} {ergonomic}
     bool UseLargePagesIndividualAllocation        = false                                  {pd product} {ergonomic}

Logging:
Log output configuration:
 #0: stdout all=warning uptime,level,tags foldmultilines=false
 #1: stderr all=off uptime,level,tags foldmultilines=false

Environment Variables:
JAVA_HOME=C:\Program Files\Eclipse Adoptium\jdk-11.0.14.101-hotspot\
PATH=C:\Program Files\Eclipse Adoptium\jdk-11.0.14.101-hotspot\bin;C:\WINDOWS\system32;C:\WINDOWS;C:\WINDOWS\System32\Wbem;C:\WINDOWS\System32\WindowsPowerShell\v1.0\;C:\WINDOWS\System32\OpenSSH\;C:\MinGW\bin;C:\Users\Aishwarya G\AppData\Local\Programs\Python\Python310;C:\Users\Aishwarya G\AppData\Local\Programs\Python\Python310\Scripts\;C:\Program Files\Git\cmd;C:\Program Files\sqlite3;;C:\Program Files\Docker\Docker\resources\bin;C:\Program Files\nodejs\;C:\Program Files\MySQL\MySQL Shell 8.2\bin\;C:\Users\Aishwarya G\AppData\Local\Programs\Python\Python310\Scripts\;C:\Users\Aishwarya G\AppData\Local\Programs\Python\Python310\;C:\Users\Aishwarya G\AppData\Local\Microsoft\WindowsApps;C:\Users\Aishwarya G\AppData\Local\Programs\Microsoft VS Code\bin;C:\Users\Aishwarya G\AppData\Local\atom\bin;C:\flutter\bin;C:\Users\Aishwarya G\AppData\Local\Microsoft\WindowsApps;C:\Users\Aishwarya G\mongosh-2.1.1-win32-x64\bin;C:\Users\Aishwarya G\AppData\Local\Programs\mongosh\;C:\Users\Aishwarya G\AppData\Roaming\npm;C:\Users\Aishwarya G\AppData\Local\JetBrains\IntelliJ IDEA Community Edition 2024.3.1.1\bin;
USERNAME=Aishwarya G
OS=Windows_NT
PROCESSOR_IDENTIFIER=AMD64 Family 23 Model 24 Stepping 1, AuthenticAMD
TMP=C:\Users\AISHWA~1\AppData\Local\Temp
TEMP=C:\Users\AISHWA~1\AppData\Local\Temp




Periodic native trim disabled

---------------  S Y S T E M  ---------------

OS:
 Windows 11 , 64 bit Build 22621 (10.0.22621.4391)
OS uptime: 3 days 23:18 hours
Hyper-V role detected

CPU: total 4 (initial active 4) (4 cores per cpu, 2 threads per core) family 23 model 24 stepping 1 microcode 0x0, cx8, cmov, fxsr, ht, mmx, 3dnowpref, sse, sse2, sse3, ssse3, sse4a, sse4.1, sse4.2, popcnt, lzcnt, tsc, tscinvbit, avx, avx2, aes, clmul, bmi1, bmi2, adx, sha, fma, vzeroupper, clflush, clflushopt, hv, rdtscp, f16c
Processor Information for the first 4 processors :
  Max Mhz: 2600, Current Mhz: 2600, Mhz Limit: 2600

Memory: 4k page, system-wide physical 3530M (133M free)
TotalPageFile size 14282M (AvailPageFile size 0M)
current process WorkingSet (physical memory assigned to process): 149M, peak: 221M
current process commit charge ("private bytes"): 262M, peak: 278M

vm_info: OpenJDK 64-Bit Server VM (23.0.1+11-39) for windows-amd64 JRE (23.0.1+11-39), built on 2024-09-30T07:20:43Z with MS VC++ 17.6 (VS2022)

END.
